{"contracts/ACAToken.sol":{"l":{"35":3,"36":3,"40":4,"41":3,"45":17,"46":17,"48":17,"49":7,"50":6,"52":15,"57":3,"58":3,"59":3,"60":3,"61":3,"63":3,"64":3,"65":3,"67":3,"69":3,"70":3,"72":3,"74":3,"75":3,"82":1,"83":1,"84":1,"86":1,"91":1,"92":1,"93":1,"95":1,"100":1,"104":4,"108":1,"110":1,"114":2,"116":2,"120":7,"125":6,"129":1,"132":1,"133":1,"135":1,"139":20,"143":1,"147":8,"148":8,"150":8,"151":8,"152":8,"154":8,"158":4,"160":4,"164":9,"168":1,"170":1,"174":1,"175":1,"176":0,"178":1,"181":1,"185":2,"189":1,"190":1,"191":1,"196":1},"path":"/home/abhi_21094/Projects/aca-audit/contracts/ACAToken.sol","s":{"1":3,"2":4,"3":17,"4":17,"5":17,"6":7,"7":6,"8":3,"9":3,"10":3,"11":3,"12":3,"13":3,"14":3,"15":3,"16":3,"17":3,"18":3,"19":3,"20":3,"21":3,"22":3,"23":1,"24":1,"25":1,"26":1,"27":1,"28":1,"29":1,"30":1,"31":1,"32":1,"33":1,"34":4,"35":1,"36":1,"37":1,"38":2,"39":2,"40":2,"41":7,"42":6,"43":1,"44":1,"45":1,"46":1,"47":1,"48":20,"49":1,"50":8,"51":8,"52":8,"53":8,"54":8,"55":8,"56":8,"57":4,"58":4,"59":4,"60":9,"61":1,"62":1,"63":1,"64":1,"65":1,"66":0,"67":1,"68":1,"69":1,"70":2,"71":1,"72":1,"73":1,"74":1},"b":{"1":[3,0],"2":[3,1],"3":[17,0],"4":[17,0],"5":[7,10],"6":[6,1],"7":[5,1],"8":[3,0],"9":[3,0],"10":[3,0],"11":[3,0],"12":[3,0],"13":[3,0],"14":[3,0],"15":[3,0],"16":[1,0],"17":[1,0],"18":[1,0],"19":[1,0],"20":[1,0],"21":[1,0],"22":[1,0],"23":[8,0],"24":[8,0],"25":[0,1],"26":[1,1]},"f":{"1":3,"2":4,"3":17,"4":3,"5":1,"6":1,"7":1,"8":4,"9":1,"10":2,"11":7,"12":6,"13":1,"14":20,"15":1,"16":8,"17":4,"18":9,"19":1,"20":1,"21":2,"22":1},"fnMap":{"1":{"name":"onlyOwner","line":34,"loc":{"start":{"line":34,"column":4},"end":{"line":34,"column":22}}},"2":{"name":"onlyAdmin","line":39,"loc":{"start":{"line":39,"column":4},"end":{"line":39,"column":22}}},"3":{"name":"canTransfer","line":44,"loc":{"start":{"line":44,"column":4},"end":{"line":44,"column":50}}},"4":{"name":"ACAToken","line":56,"loc":{"start":{"line":56,"column":4},"end":{"line":56,"column":86}}},"5":{"name":"transferOwnership","line":81,"loc":{"start":{"line":81,"column":4},"end":{"line":81,"column":63}}},"6":{"name":"transferAdmin","line":90,"loc":{"start":{"line":90,"column":4},"end":{"line":90,"column":60}}},"7":{"name":"setTransferable","line":99,"loc":{"start":{"line":99,"column":4},"end":{"line":99,"column":63}}},"8":{"name":"isTransferable","line":103,"loc":{"start":{"line":103,"column":4},"end":{"line":103,"column":54}}},"9":{"name":"transferLock","line":107,"loc":{"start":{"line":107,"column":4},"end":{"line":107,"column":47}}},"10":{"name":"manageTransferLock","line":113,"loc":{"start":{"line":113,"column":4},"end":{"line":113,"column":91}}},"11":{"name":"transferAllowed","line":119,"loc":{"start":{"line":119,"column":4},"end":{"line":119,"column":70}}},"12":{"name":"totalSupply","line":124,"loc":{"start":{"line":124,"column":4},"end":{"line":124,"column":54}}},"13":{"name":"transfer","line":128,"loc":{"start":{"line":128,"column":4},"end":{"line":128,"column":99}}},"14":{"name":"balanceOf","line":138,"loc":{"start":{"line":138,"column":4},"end":{"line":138,"column":74}}},"15":{"name":"balanceOfOwner","line":142,"loc":{"start":{"line":142,"column":4},"end":{"line":142,"column":65}}},"16":{"name":"transferFrom","line":146,"loc":{"start":{"line":146,"column":4},"end":{"line":146,"column":113}}},"17":{"name":"approve","line":157,"loc":{"start":{"line":157,"column":4},"end":{"line":157,"column":108}}},"18":{"name":"allowance","line":163,"loc":{"start":{"line":163,"column":4},"end":{"line":163,"column":84}}},"19":{"name":"increaseApproval","line":167,"loc":{"start":{"line":167,"column":4},"end":{"line":167,"column":119}}},"20":{"name":"decreaseApproval","line":173,"loc":{"start":{"line":173,"column":4},"end":{"line":173,"column":124}}},"21":{"name":"burn","line":184,"loc":{"start":{"line":184,"column":4},"end":{"line":184,"column":38}}},"22":{"name":"emergencyERC20Drain","line":195,"loc":{"start":{"line":195,"column":4},"end":{"line":195,"column":78}}}},"statementMap":{"1":{"start":{"line":35,"column":8},"end":{"line":35,"column":35}},"2":{"start":{"line":40,"column":8},"end":{"line":40,"column":58}},"3":{"start":{"line":45,"column":8},"end":{"line":45,"column":35}},"4":{"start":{"line":46,"column":8},"end":{"line":46,"column":36}},"5":{"start":{"line":48,"column":8},"end":{"line":48,"column":1366}},"6":{"start":{"line":49,"column":12},"end":{"line":49,"column":32}},"7":{"start":{"line":50,"column":12},"end":{"line":50,"column":43}},"8":{"start":{"line":57,"column":8},"end":{"line":57,"column":32}},"9":{"start":{"line":58,"column":8},"end":{"line":58,"column":25}},"10":{"start":{"line":59,"column":8},"end":{"line":59,"column":44}},"11":{"start":{"line":60,"column":8},"end":{"line":60,"column":45}},"12":{"start":{"line":61,"column":8},"end":{"line":61,"column":37}},"13":{"start":{"line":63,"column":8},"end":{"line":63,"column":38}},"14":{"start":{"line":64,"column":8},"end":{"line":64,"column":39}},"15":{"start":{"line":65,"column":8},"end":{"line":65,"column":31}},"16":{"start":{"line":67,"column":8},"end":{"line":67,"column":38}},"17":{"start":{"line":69,"column":8},"end":{"line":69,"column":21}},"18":{"start":{"line":70,"column":8},"end":{"line":70,"column":33}},"19":{"start":{"line":72,"column":8},"end":{"line":72,"column":34}},"20":{"start":{"line":74,"column":8},"end":{"line":74,"column":37}},"21":{"start":{"line":75,"column":8},"end":{"line":75,"column":41}},"22":{"start":{"line":77,"column":13},"end":{"line":77,"column":40}},"23":{"start":{"line":82,"column":8},"end":{"line":82,"column":38}},"24":{"start":{"line":83,"column":8},"end":{"line":83,"column":41}},"25":{"start":{"line":84,"column":8},"end":{"line":84,"column":33}},"26":{"start":{"line":86,"column":8},"end":{"line":86,"column":23}},"27":{"start":{"line":87,"column":13},"end":{"line":87,"column":49}},"28":{"start":{"line":91,"column":8},"end":{"line":91,"column":39}},"29":{"start":{"line":92,"column":8},"end":{"line":92,"column":42}},"30":{"start":{"line":93,"column":8},"end":{"line":93,"column":34}},"31":{"start":{"line":95,"column":8},"end":{"line":95,"column":24}},"32":{"start":{"line":96,"column":13},"end":{"line":96,"column":46}},"33":{"start":{"line":100,"column":8},"end":{"line":100,"column":35}},"34":{"start":{"line":104,"column":8},"end":{"line":104,"column":27}},"35":{"start":{"line":108,"column":8},"end":{"line":108,"column":40}},"36":{"start":{"line":109,"column":13},"end":{"line":109,"column":42}},"37":{"start":{"line":110,"column":8},"end":{"line":110,"column":19}},"38":{"start":{"line":114,"column":8},"end":{"line":114,"column":39}},"39":{"start":{"line":115,"column":13},"end":{"line":115,"column":41}},"40":{"start":{"line":116,"column":8},"end":{"line":116,"column":19}},"41":{"start":{"line":120,"column":8},"end":{"line":120,"column":65}},"42":{"start":{"line":125,"column":8},"end":{"line":125,"column":27}},"43":{"start":{"line":129,"column":8},"end":{"line":129,"column":46}},"44":{"start":{"line":132,"column":8},"end":{"line":132,"column":62}},"45":{"start":{"line":133,"column":8},"end":{"line":133,"column":48}},"46":{"start":{"line":134,"column":13},"end":{"line":134,"column":45}},"47":{"start":{"line":135,"column":8},"end":{"line":135,"column":19}},"48":{"start":{"line":139,"column":8},"end":{"line":139,"column":31}},"49":{"start":{"line":143,"column":8},"end":{"line":143,"column":30}},"50":{"start":{"line":147,"column":8},"end":{"line":147,"column":41}},"51":{"start":{"line":148,"column":8},"end":{"line":148,"column":52}},"52":{"start":{"line":150,"column":8},"end":{"line":150,"column":52}},"53":{"start":{"line":151,"column":8},"end":{"line":151,"column":48}},"54":{"start":{"line":152,"column":8},"end":{"line":152,"column":74}},"55":{"start":{"line":153,"column":13},"end":{"line":153,"column":40}},"56":{"start":{"line":154,"column":8},"end":{"line":154,"column":19}},"57":{"start":{"line":158,"column":8},"end":{"line":158,"column":45}},"58":{"start":{"line":159,"column":13},"end":{"line":159,"column":50}},"59":{"start":{"line":160,"column":8},"end":{"line":160,"column":19}},"60":{"start":{"line":164,"column":8},"end":{"line":164,"column":40}},"61":{"start":{"line":168,"column":8},"end":{"line":168,"column":85}},"62":{"start":{"line":169,"column":13},"end":{"line":169,"column":73}},"63":{"start":{"line":170,"column":8},"end":{"line":170,"column":19}},"64":{"start":{"line":174,"column":8},"end":{"line":174,"column":52}},"65":{"start":{"line":175,"column":8},"end":{"line":175,"column":5646}},"66":{"start":{"line":176,"column":12},"end":{"line":176,"column":44}},"67":{"start":{"line":178,"column":12},"end":{"line":178,"column":73}},"68":{"start":{"line":180,"column":13},"end":{"line":180,"column":73}},"69":{"start":{"line":181,"column":8},"end":{"line":181,"column":19}},"70":{"start":{"line":185,"column":8},"end":{"line":185,"column":46}},"71":{"start":{"line":189,"column":8},"end":{"line":189,"column":34}},"72":{"start":{"line":190,"column":8},"end":{"line":190,"column":54}},"73":{"start":{"line":191,"column":8},"end":{"line":191,"column":46}},"74":{"start":{"line":192,"column":13},"end":{"line":192,"column":32}}},"branchMap":{"1":{"line":35,"type":"if","locations":[{"start":{"line":35,"column":8},"end":{"line":35,"column":8}},{"start":{"line":35,"column":8},"end":{"line":35,"column":8}}]},"2":{"line":40,"type":"if","locations":[{"start":{"line":40,"column":8},"end":{"line":40,"column":8}},{"start":{"line":40,"column":8},"end":{"line":40,"column":8}}]},"3":{"line":45,"type":"if","locations":[{"start":{"line":45,"column":8},"end":{"line":45,"column":8}},{"start":{"line":45,"column":8},"end":{"line":45,"column":8}}]},"4":{"line":46,"type":"if","locations":[{"start":{"line":46,"column":8},"end":{"line":46,"column":8}},{"start":{"line":46,"column":8},"end":{"line":46,"column":8}}]},"5":{"line":48,"type":"if","locations":[{"start":{"line":48,"column":8},"end":{"line":48,"column":8}},{"start":{"line":48,"column":8},"end":{"line":48,"column":8}}]},"6":{"line":49,"type":"if","locations":[{"start":{"line":49,"column":12},"end":{"line":49,"column":12}},{"start":{"line":49,"column":12},"end":{"line":49,"column":12}}]},"7":{"line":50,"type":"if","locations":[{"start":{"line":50,"column":12},"end":{"line":50,"column":12}},{"start":{"line":50,"column":12},"end":{"line":50,"column":12}}]},"8":{"line":57,"type":"if","locations":[{"start":{"line":57,"column":8},"end":{"line":57,"column":8}},{"start":{"line":57,"column":8},"end":{"line":57,"column":8}}]},"9":{"line":59,"type":"if","locations":[{"start":{"line":59,"column":8},"end":{"line":59,"column":8}},{"start":{"line":59,"column":8},"end":{"line":59,"column":8}}]},"10":{"line":60,"type":"if","locations":[{"start":{"line":60,"column":8},"end":{"line":60,"column":8}},{"start":{"line":60,"column":8},"end":{"line":60,"column":8}}]},"11":{"line":61,"type":"if","locations":[{"start":{"line":61,"column":8},"end":{"line":61,"column":8}},{"start":{"line":61,"column":8},"end":{"line":61,"column":8}}]},"12":{"line":63,"type":"if","locations":[{"start":{"line":63,"column":8},"end":{"line":63,"column":8}},{"start":{"line":63,"column":8},"end":{"line":63,"column":8}}]},"13":{"line":64,"type":"if","locations":[{"start":{"line":64,"column":8},"end":{"line":64,"column":8}},{"start":{"line":64,"column":8},"end":{"line":64,"column":8}}]},"14":{"line":65,"type":"if","locations":[{"start":{"line":65,"column":8},"end":{"line":65,"column":8}},{"start":{"line":65,"column":8},"end":{"line":65,"column":8}}]},"15":{"line":67,"type":"if","locations":[{"start":{"line":67,"column":8},"end":{"line":67,"column":8}},{"start":{"line":67,"column":8},"end":{"line":67,"column":8}}]},"16":{"line":82,"type":"if","locations":[{"start":{"line":82,"column":8},"end":{"line":82,"column":8}},{"start":{"line":82,"column":8},"end":{"line":82,"column":8}}]},"17":{"line":83,"type":"if","locations":[{"start":{"line":83,"column":8},"end":{"line":83,"column":8}},{"start":{"line":83,"column":8},"end":{"line":83,"column":8}}]},"18":{"line":84,"type":"if","locations":[{"start":{"line":84,"column":8},"end":{"line":84,"column":8}},{"start":{"line":84,"column":8},"end":{"line":84,"column":8}}]},"19":{"line":91,"type":"if","locations":[{"start":{"line":91,"column":8},"end":{"line":91,"column":8}},{"start":{"line":91,"column":8},"end":{"line":91,"column":8}}]},"20":{"line":92,"type":"if","locations":[{"start":{"line":92,"column":8},"end":{"line":92,"column":8}},{"start":{"line":92,"column":8},"end":{"line":92,"column":8}}]},"21":{"line":93,"type":"if","locations":[{"start":{"line":93,"column":8},"end":{"line":93,"column":8}},{"start":{"line":93,"column":8},"end":{"line":93,"column":8}}]},"22":{"line":129,"type":"if","locations":[{"start":{"line":129,"column":8},"end":{"line":129,"column":8}},{"start":{"line":129,"column":8},"end":{"line":129,"column":8}}]},"23":{"line":147,"type":"if","locations":[{"start":{"line":147,"column":8},"end":{"line":147,"column":8}},{"start":{"line":147,"column":8},"end":{"line":147,"column":8}}]},"24":{"line":148,"type":"if","locations":[{"start":{"line":148,"column":8},"end":{"line":148,"column":8}},{"start":{"line":148,"column":8},"end":{"line":148,"column":8}}]},"25":{"line":175,"type":"if","locations":[{"start":{"line":175,"column":8},"end":{"line":175,"column":8}},{"start":{"line":175,"column":8},"end":{"line":175,"column":8}}]},"26":{"line":185,"type":"if","locations":[{"start":{"line":185,"column":8},"end":{"line":185,"column":8}},{"start":{"line":185,"column":8},"end":{"line":185,"column":8}}]}}},"contracts/ACATokenSale.sol":{"l":{"90":32,"91":29,"95":23,"96":20,"100":0,"101":0,"102":0,"106":20,"107":18,"108":18,"112":5,"113":5,"114":5,"119":1,"123":2,"127":12,"131":18,"132":18,"133":43,"136":18,"140":2,"144":1,"145":1,"149":2,"153":1,"154":1,"158":8,"162":5,"163":5,"167":8,"171":2,"172":2,"176":12,"180":1,"181":1,"185":4,"189":4,"194":2,"195":2,"197":2,"198":2,"200":2,"201":2,"205":2,"206":2,"208":2,"210":2,"214":2,"215":2,"217":2,"219":2,"223":1,"224":1,"227":1,"231":4,"232":4,"233":4,"235":4,"239":2,"240":2,"241":2,"243":2,"248":1,"249":1,"250":1,"253":1,"257":1,"258":1,"260":1,"270":2,"272":2,"273":2,"275":2,"276":2,"277":2,"279":2,"280":2,"282":2,"283":2,"284":2,"300":2,"302":2,"303":2,"305":2,"306":2,"307":2,"308":2,"310":2,"311":2,"312":2,"313":2,"314":2,"315":2,"316":2,"327":5,"330":5,"332":5,"333":5,"335":5,"336":5,"338":5,"340":5,"341":5,"342":5,"343":3,"344":3,"347":5,"353":2,"357":2,"359":2,"361":2,"363":2,"367":8,"368":8,"369":8,"371":8,"372":8,"373":4,"374":4,"375":3,"376":3,"379":4,"383":8,"387":3,"388":2,"390":2,"393":2,"397":2,"398":1,"400":1,"407":0,"411":7,"413":7,"415":6,"417":6,"419":6,"422":6,"424":6,"425":6,"429":12,"433":4,"437":6,"438":6,"440":6,"442":6,"445":6,"447":6,"448":6,"450":6,"451":6,"453":6,"455":6,"459":6,"460":0,"466":14,"467":3,"470":11,"476":6,"477":6,"479":6,"480":6,"481":6,"482":4,"483":4,"484":4,"485":4,"486":4,"487":0,"490":4,"491":0,"492":0,"494":0,"496":4,"497":0,"499":0,"502":4,"503":4,"505":4,"506":4,"509":4,"510":4,"522":6,"527":3,"528":3,"532":3,"533":3,"537":2,"538":2,"540":2,"544":1,"545":1,"549":1,"550":1,"555":1,"557":1,"558":1,"562":1,"563":1,"565":1,"566":1,"570":1,"575":2,"578":0,"581":4,"586":2,"587":0,"590":2,"591":0,"594":2,"595":2,"597":2,"598":2,"603":21,"607":4,"609":4,"610":2,"617":2,"618":2,"619":0,"620":0,"621":0,"623":0,"626":2,"627":6,"634":2,"641":29,"645":4,"651":2,"652":6,"659":2},"path":"/home/abhi_21094/Projects/aca-audit/contracts/ACATokenSale.sol","s":{"1":32,"2":23,"3":0,"4":0,"5":20,"6":18,"7":5,"8":5,"9":1,"10":2,"11":12,"12":18,"13":18,"14":43,"15":18,"16":2,"17":1,"18":1,"19":2,"20":1,"21":1,"22":8,"23":5,"24":5,"25":8,"26":2,"27":2,"28":12,"29":1,"30":1,"31":4,"32":4,"33":2,"34":2,"35":2,"36":2,"37":2,"38":2,"39":2,"40":2,"41":2,"42":2,"43":2,"44":2,"45":2,"46":2,"47":1,"48":1,"49":1,"50":4,"51":4,"52":4,"53":4,"54":2,"55":2,"56":2,"57":2,"58":1,"59":1,"60":1,"61":1,"62":1,"63":1,"64":1,"65":1,"66":1,"67":2,"68":2,"69":2,"70":2,"71":2,"72":2,"73":2,"74":2,"75":2,"76":2,"77":2,"78":2,"79":2,"80":2,"81":2,"82":2,"83":2,"84":2,"85":2,"86":2,"87":2,"88":2,"89":2,"90":2,"91":2,"92":2,"93":2,"94":5,"95":5,"96":5,"97":5,"98":5,"99":5,"100":5,"101":5,"102":5,"103":5,"104":3,"105":3,"106":5,"107":2,"108":2,"109":2,"110":2,"111":2,"112":2,"113":8,"114":8,"115":8,"116":8,"117":8,"118":4,"119":4,"120":3,"121":3,"122":4,"123":4,"124":8,"125":3,"126":2,"127":2,"128":2,"129":2,"130":2,"131":0,"132":7,"133":7,"134":6,"135":6,"136":6,"137":6,"138":6,"139":6,"140":6,"141":12,"142":4,"143":6,"144":6,"145":6,"146":6,"147":6,"148":6,"149":6,"150":6,"151":6,"152":6,"153":6,"154":6,"155":0,"156":0,"157":14,"158":11,"159":6,"160":6,"161":6,"162":6,"163":6,"164":4,"165":4,"166":4,"167":4,"168":4,"169":0,"170":4,"171":0,"172":0,"173":0,"174":0,"175":4,"176":0,"177":0,"178":0,"179":4,"180":4,"181":4,"182":4,"183":4,"184":4,"185":4,"186":4,"187":3,"188":3,"189":3,"190":3,"191":3,"192":2,"193":2,"194":1,"195":1,"196":1,"197":1,"198":1,"199":1,"200":1,"201":1,"202":1,"203":1,"204":1,"205":1,"206":1,"207":1,"208":1,"209":2,"210":4,"211":2,"212":0,"213":2,"214":0,"215":2,"216":2,"217":2,"218":2,"219":2,"220":21,"221":4,"222":4,"223":2,"224":4,"225":2,"226":2,"227":0,"228":0,"229":0,"230":0,"231":2,"232":6,"233":2,"234":2,"235":2,"236":29,"237":4,"238":4,"239":2,"240":6,"241":2,"242":2,"243":2},"b":{"1":[29,3],"2":[20,3],"3":[0,0],"4":[0,0],"5":[18,2],"6":[18,0],"7":[5,0],"8":[5,0],"9":[1,0],"10":[1,0],"11":[5,0],"12":[2,0],"13":[1,0],"14":[2,0],"15":[2,0],"16":[2,0],"17":[2,0],"18":[2,0],"19":[2,0],"20":[2,0],"21":[2,0],"22":[2,0],"23":[2,0],"24":[1,0],"25":[1,0],"26":[4,0],"27":[4,0],"28":[4,0],"29":[2,0],"30":[2,0],"31":[2,0],"32":[1,0],"33":[1,0],"34":[1,0],"35":[1,0],"36":[1,0],"37":[2,0],"38":[2,0],"39":[2,0],"40":[2,0],"41":[2,0],"42":[2,0],"43":[2,0],"44":[2,0],"45":[2,0],"46":[2,0],"47":[2,0],"48":[2,0],"49":[5,0],"50":[5,0],"51":[5,0],"52":[5,0],"53":[5,0],"54":[5,0],"55":[5,0],"56":[5,0],"57":[5,0],"58":[3,2],"59":[3,0],"60":[2,0],"61":[8,0],"62":[8,0],"63":[8,0],"64":[4,4],"65":[3,1],"66":[2,1],"67":[2,0],"68":[1,1],"69":[6,0],"70":[6,0],"71":[6,0],"72":[6,0],"73":[6,0],"74":[6,0],"75":[6,0],"76":[6,0],"77":[6,0],"78":[0,6],"79":[3,11],"80":[4,2],"81":[0,4],"82":[0,4],"83":[0,4],"84":[4,0],"85":[4,0],"86":[2,0],"87":[2,0],"88":[1,0],"89":[1,0],"90":[1,0],"91":[0,2],"92":[0,2],"93":[2,0],"94":[2,2],"95":[0,2]},"f":{"1":32,"2":23,"3":0,"4":20,"5":5,"6":1,"7":2,"8":12,"9":18,"10":2,"11":1,"12":2,"13":1,"14":8,"15":5,"16":8,"17":2,"18":12,"19":1,"20":4,"21":4,"22":2,"23":2,"24":2,"25":1,"26":4,"27":2,"28":1,"29":1,"30":2,"31":2,"32":5,"33":2,"34":2,"35":8,"36":3,"37":2,"38":0,"39":7,"40":12,"41":4,"42":6,"43":6,"44":14,"45":6,"46":6,"47":6,"48":3,"49":2,"50":1,"51":1,"52":1,"53":1,"54":2,"55":0,"56":4,"57":2,"58":21,"59":4,"60":2,"61":2,"62":29,"63":4,"64":2,"65":2},"fnMap":{"1":{"name":"onlyOwner","line":89,"loc":{"start":{"line":89,"column":4},"end":{"line":89,"column":22}}},"2":{"name":"onlyAdmin","line":94,"loc":{"start":{"line":94,"column":4},"end":{"line":94,"column":22}}},"3":{"name":"onlyWhileOpen","line":99,"loc":{"start":{"line":99,"column":4},"end":{"line":99,"column":24}}},"4":{"name":"isVerified","line":105,"loc":{"start":{"line":105,"column":4},"end":{"line":105,"column":43}}},"5":{"name":"claimable","line":111,"loc":{"start":{"line":111,"column":4},"end":{"line":111,"column":20}}},"6":{"name":"isEnabled","line":118,"loc":{"start":{"line":118,"column":4},"end":{"line":118,"column":49}}},"7":{"name":"isClosed","line":122,"loc":{"start":{"line":122,"column":4},"end":{"line":122,"column":48}}},"8":{"name":"isGoalReached","line":126,"loc":{"start":{"line":126,"column":4},"end":{"line":126,"column":53}}},"9":{"name":"getTotalTokenSold","line":130,"loc":{"start":{"line":130,"column":4},"end":{"line":130,"column":60}}},"10":{"name":"getOpeningTime","line":139,"loc":{"start":{"line":139,"column":4},"end":{"line":139,"column":57}}},"11":{"name":"getOpeningTimeByStage","line":143,"loc":{"start":{"line":143,"column":4},"end":{"line":143,"column":75}}},"12":{"name":"getClosingTime","line":148,"loc":{"start":{"line":148,"column":4},"end":{"line":148,"column":57}}},"13":{"name":"getClosingTimeByStage","line":152,"loc":{"start":{"line":152,"column":4},"end":{"line":152,"column":75}}},"14":{"name":"getCurrentCapacity","line":157,"loc":{"start":{"line":157,"column":4},"end":{"line":157,"column":61}}},"15":{"name":"getCapacity","line":161,"loc":{"start":{"line":161,"column":4},"end":{"line":161,"column":65}}},"16":{"name":"getCurrentSold","line":166,"loc":{"start":{"line":166,"column":4},"end":{"line":166,"column":57}}},"17":{"name":"getSold","line":170,"loc":{"start":{"line":170,"column":4},"end":{"line":170,"column":61}}},"18":{"name":"getCurrentRate","line":175,"loc":{"start":{"line":175,"column":4},"end":{"line":175,"column":57}}},"19":{"name":"getRate","line":179,"loc":{"start":{"line":179,"column":4},"end":{"line":179,"column":61}}},"20":{"name":"getRateWithoutBonus","line":184,"loc":{"start":{"line":184,"column":4},"end":{"line":184,"column":62}}},"21":{"name":"getSales","line":188,"loc":{"start":{"line":188,"column":4},"end":{"line":188,"column":71}}},"22":{"name":"setSalePeriod","line":193,"loc":{"start":{"line":193,"column":4},"end":{"line":193,"column":98}}},"23":{"name":"setRate","line":204,"loc":{"start":{"line":204,"column":4},"end":{"line":204,"column":63}}},"24":{"name":"setCapacity","line":213,"loc":{"start":{"line":213,"column":4},"end":{"line":213,"column":71}}},"25":{"name":"setClaimable","line":222,"loc":{"start":{"line":222,"column":4},"end":{"line":222,"column":57}}},"26":{"name":"addPrivateSale","line":230,"loc":{"start":{"line":230,"column":4},"end":{"line":230,"column":59}}},"27":{"name":"subPrivateSale","line":238,"loc":{"start":{"line":238,"column":4},"end":{"line":238,"column":59}}},"28":{"name":"setAdmin","line":247,"loc":{"start":{"line":247,"column":4},"end":{"line":247,"column":55}}},"29":{"name":"transferOwnership","line":256,"loc":{"start":{"line":256,"column":4},"end":{"line":256,"column":63}}},"30":{"name":"ACATokenSale","line":264,"loc":{"start":{"line":264,"column":4},"end":{"line":269,"column":34}}},"31":{"name":"setupBounty","line":290,"loc":{"start":{"line":290,"column":4},"end":{"line":298,"column":24}}},"32":{"name":"addStage","line":320,"loc":{"start":{"line":320,"column":4},"end":{"line":326,"column":41}}},"33":{"name":"setToken","line":352,"loc":{"start":{"line":352,"column":4},"end":{"line":352,"column":53}}},"34":{"name":"enableTokenSale","line":356,"loc":{"start":{"line":356,"column":4},"end":{"line":356,"column":60}}},"35":{"name":"updateStage","line":366,"loc":{"start":{"line":366,"column":4},"end":{"line":366,"column":49}}},"36":{"name":"finalize","line":386,"loc":{"start":{"line":386,"column":4},"end":{"line":386,"column":38}}},"37":{"name":"finalization","line":396,"loc":{"start":{"line":396,"column":4},"end":{"line":396,"column":34}}},"38":{"name":null,"line":406,"loc":{"start":{"line":406,"column":4},"end":{"line":406,"column":28}}},"39":{"name":"buyTokens","line":410,"loc":{"start":{"line":410,"column":4},"end":{"line":410,"column":57}}},"40":{"name":"_getTokenAmount","line":428,"loc":{"start":{"line":428,"column":4},"end":{"line":428,"column":78}}},"41":{"name":"_getTokenAmountWithoutBonus","line":432,"loc":{"start":{"line":432,"column":4},"end":{"line":432,"column":90}}},"42":{"name":"_preValidatePurchase","line":436,"loc":{"start":{"line":436,"column":4},"end":{"line":436,"column":107}}},"43":{"name":"_postValidatePurchase","line":458,"loc":{"start":{"line":458,"column":4},"end":{"line":458,"column":83}}},"44":{"name":"_deliverTokens","line":465,"loc":{"start":{"line":465,"column":4},"end":{"line":465,"column":78}}},"45":{"name":"_processPurchase","line":474,"loc":{"start":{"line":474,"column":4},"end":{"line":474,"column":80}}},"46":{"name":"_updatePurchasingState","line":517,"loc":{"start":{"line":517,"column":4},"end":{"line":517,"column":84}}},"47":{"name":"_forwardFunds","line":521,"loc":{"start":{"line":521,"column":4},"end":{"line":521,"column":35}}},"48":{"name":"claimToken","line":526,"loc":{"start":{"line":526,"column":4},"end":{"line":526,"column":78}}},"49":{"name":"claimRefund","line":536,"loc":{"start":{"line":536,"column":4},"end":{"line":536,"column":54}}},"50":{"name":"claimBountyToken","line":543,"loc":{"start":{"line":543,"column":4},"end":{"line":543,"column":84}}},"51":{"name":"addBounty","line":554,"loc":{"start":{"line":554,"column":4},"end":{"line":554,"column":108}}},"52":{"name":"delBounty","line":561,"loc":{"start":{"line":561,"column":4},"end":{"line":561,"column":108}}},"53":{"name":"getBountyAmount","line":569,"loc":{"start":{"line":569,"column":4},"end":{"line":569,"column":74}}},"54":{"name":"addReferral","line":574,"loc":{"start":{"line":574,"column":4},"end":{"line":574,"column":132}}},"55":{"name":"delReferral","line":577,"loc":{"start":{"line":577,"column":4},"end":{"line":577,"column":132}}},"56":{"name":"getReferral","line":580,"loc":{"start":{"line":580,"column":4},"end":{"line":580,"column":70}}},"57":{"name":"_deliverWhitelistBonus","line":585,"loc":{"start":{"line":585,"column":4},"end":{"line":585,"column":64}}},"58":{"name":"isAccountWhitelisted","line":602,"loc":{"start":{"line":602,"column":4},"end":{"line":602,"column":80}}},"59":{"name":"addToWhitelist","line":606,"loc":{"start":{"line":606,"column":4},"end":{"line":606,"column":66}}},"60":{"name":"addManyToWhitelist","line":616,"loc":{"start":{"line":616,"column":4},"end":{"line":616,"column":74}}},"61":{"name":"removeFromWhitelist","line":633,"loc":{"start":{"line":633,"column":4},"end":{"line":633,"column":71}}},"62":{"name":"isAccountVerified","line":640,"loc":{"start":{"line":640,"column":4},"end":{"line":640,"column":77}}},"63":{"name":"setAccountVerified","line":644,"loc":{"start":{"line":644,"column":4},"end":{"line":644,"column":70}}},"64":{"name":"setManyAccountsVerified","line":650,"loc":{"start":{"line":650,"column":4},"end":{"line":650,"column":79}}},"65":{"name":"unverifyAccount","line":658,"loc":{"start":{"line":658,"column":4},"end":{"line":658,"column":67}}}},"statementMap":{"1":{"start":{"line":90,"column":8},"end":{"line":90,"column":35}},"2":{"start":{"line":95,"column":8},"end":{"line":95,"column":58}},"3":{"start":{"line":100,"column":8},"end":{"line":100,"column":40}},"4":{"start":{"line":101,"column":8},"end":{"line":101,"column":90}},"5":{"start":{"line":106,"column":8},"end":{"line":106,"column":47}},"6":{"start":{"line":107,"column":8},"end":{"line":107,"column":45}},"7":{"start":{"line":112,"column":8},"end":{"line":112,"column":58}},"8":{"start":{"line":113,"column":8},"end":{"line":113,"column":31}},"9":{"start":{"line":119,"column":8},"end":{"line":119,"column":31}},"10":{"start":{"line":123,"column":8},"end":{"line":123,"column":54}},"11":{"start":{"line":127,"column":8},"end":{"line":127,"column":45}},"12":{"start":{"line":131,"column":8},"end":{"line":131,"column":23}},"13":{"start":{"line":132,"column":8},"end":{"line":132,"column":3985}},"14":{"start":{"line":133,"column":12},"end":{"line":133,"column":42}},"15":{"start":{"line":136,"column":8},"end":{"line":136,"column":19}},"16":{"start":{"line":140,"column":8},"end":{"line":140,"column":43}},"17":{"start":{"line":144,"column":8},"end":{"line":144,"column":38}},"18":{"start":{"line":145,"column":8},"end":{"line":145,"column":37}},"19":{"start":{"line":149,"column":8},"end":{"line":149,"column":43}},"20":{"start":{"line":153,"column":8},"end":{"line":153,"column":38}},"21":{"start":{"line":154,"column":8},"end":{"line":154,"column":37}},"22":{"start":{"line":158,"column":8},"end":{"line":158,"column":44}},"23":{"start":{"line":162,"column":8},"end":{"line":162,"column":38}},"24":{"start":{"line":163,"column":8},"end":{"line":163,"column":38}},"25":{"start":{"line":167,"column":8},"end":{"line":167,"column":40}},"26":{"start":{"line":171,"column":8},"end":{"line":171,"column":38}},"27":{"start":{"line":172,"column":8},"end":{"line":172,"column":34}},"28":{"start":{"line":176,"column":8},"end":{"line":176,"column":40}},"29":{"start":{"line":180,"column":8},"end":{"line":180,"column":38}},"30":{"start":{"line":181,"column":8},"end":{"line":181,"column":34}},"31":{"start":{"line":185,"column":8},"end":{"line":185,"column":45}},"32":{"start":{"line":189,"column":8},"end":{"line":189,"column":34}},"33":{"start":{"line":194,"column":8},"end":{"line":194,"column":34}},"34":{"start":{"line":195,"column":8},"end":{"line":195,"column":43}},"35":{"start":{"line":197,"column":8},"end":{"line":197,"column":37}},"36":{"start":{"line":198,"column":8},"end":{"line":198,"column":38}},"37":{"start":{"line":200,"column":8},"end":{"line":200,"column":44}},"38":{"start":{"line":201,"column":8},"end":{"line":201,"column":44}},"39":{"start":{"line":205,"column":8},"end":{"line":205,"column":37}},"40":{"start":{"line":206,"column":8},"end":{"line":206,"column":38}},"41":{"start":{"line":208,"column":8},"end":{"line":208,"column":25}},"42":{"start":{"line":210,"column":8},"end":{"line":210,"column":34}},"43":{"start":{"line":214,"column":8},"end":{"line":214,"column":37}},"44":{"start":{"line":215,"column":8},"end":{"line":215,"column":38}},"45":{"start":{"line":217,"column":8},"end":{"line":217,"column":29}},"46":{"start":{"line":219,"column":8},"end":{"line":219,"column":42}},"47":{"start":{"line":223,"column":8},"end":{"line":223,"column":6655}},"48":{"start":{"line":224,"column":12},"end":{"line":224,"column":35}},"49":{"start":{"line":227,"column":8},"end":{"line":227,"column":31}},"50":{"start":{"line":231,"column":8},"end":{"line":231,"column":33}},"51":{"start":{"line":232,"column":8},"end":{"line":232,"column":27}},"52":{"start":{"line":233,"column":8},"end":{"line":233,"column":64}},"53":{"start":{"line":235,"column":8},"end":{"line":235,"column":51}},"54":{"start":{"line":239,"column":8},"end":{"line":239,"column":33}},"55":{"start":{"line":240,"column":8},"end":{"line":240,"column":27}},"56":{"start":{"line":241,"column":8},"end":{"line":241,"column":40}},"57":{"start":{"line":243,"column":8},"end":{"line":243,"column":51}},"58":{"start":{"line":248,"column":8},"end":{"line":248,"column":41}},"59":{"start":{"line":249,"column":8},"end":{"line":249,"column":42}},"60":{"start":{"line":250,"column":8},"end":{"line":250,"column":34}},"61":{"start":{"line":252,"column":13},"end":{"line":252,"column":46}},"62":{"start":{"line":253,"column":8},"end":{"line":253,"column":24}},"63":{"start":{"line":257,"column":8},"end":{"line":257,"column":38}},"64":{"start":{"line":258,"column":8},"end":{"line":258,"column":41}},"65":{"start":{"line":259,"column":13},"end":{"line":259,"column":49}},"66":{"start":{"line":260,"column":8},"end":{"line":260,"column":23}},"67":{"start":{"line":270,"column":8},"end":{"line":270,"column":25}},"68":{"start":{"line":272,"column":8},"end":{"line":272,"column":36}},"69":{"start":{"line":273,"column":8},"end":{"line":273,"column":37}},"70":{"start":{"line":275,"column":8},"end":{"line":275,"column":32}},"71":{"start":{"line":276,"column":8},"end":{"line":276,"column":28}},"72":{"start":{"line":277,"column":8},"end":{"line":277,"column":35}},"73":{"start":{"line":279,"column":8},"end":{"line":279,"column":21}},"74":{"start":{"line":280,"column":8},"end":{"line":280,"column":23}},"75":{"start":{"line":282,"column":8},"end":{"line":282,"column":33}},"76":{"start":{"line":283,"column":8},"end":{"line":283,"column":25}},"77":{"start":{"line":284,"column":8},"end":{"line":284,"column":25}},"78":{"start":{"line":286,"column":13},"end":{"line":286,"column":50}},"79":{"start":{"line":300,"column":8},"end":{"line":300,"column":35}},"80":{"start":{"line":302,"column":8},"end":{"line":302,"column":70}},"81":{"start":{"line":303,"column":8},"end":{"line":303,"column":70}},"82":{"start":{"line":305,"column":8},"end":{"line":305,"column":48}},"83":{"start":{"line":306,"column":8},"end":{"line":306,"column":39}},"84":{"start":{"line":307,"column":8},"end":{"line":307,"column":59}},"85":{"start":{"line":308,"column":8},"end":{"line":308,"column":33}},"86":{"start":{"line":310,"column":8},"end":{"line":310,"column":39}},"87":{"start":{"line":311,"column":8},"end":{"line":311,"column":49}},"88":{"start":{"line":312,"column":8},"end":{"line":312,"column":49}},"89":{"start":{"line":313,"column":8},"end":{"line":313,"column":35}},"90":{"start":{"line":314,"column":8},"end":{"line":314,"column":61}},"91":{"start":{"line":315,"column":8},"end":{"line":315,"column":47}},"92":{"start":{"line":316,"column":8},"end":{"line":316,"column":51}},"93":{"start":{"line":318,"column":13},"end":{"line":318,"column":29}},"94":{"start":{"line":327,"column":8},"end":{"line":327,"column":41}},"95":{"start":{"line":330,"column":8},"end":{"line":330,"column":43}},"96":{"start":{"line":332,"column":8},"end":{"line":332,"column":29}},"97":{"start":{"line":333,"column":8},"end":{"line":333,"column":35}},"98":{"start":{"line":335,"column":8},"end":{"line":335,"column":31}},"99":{"start":{"line":336,"column":8},"end":{"line":336,"column":42}},"100":{"start":{"line":338,"column":8},"end":{"line":338,"column":25}},"101":{"start":{"line":340,"column":8},"end":{"line":340,"column":50}},"102":{"start":{"line":341,"column":8},"end":{"line":341,"column":50}},"103":{"start":{"line":342,"column":8},"end":{"line":342,"column":10148}},"104":{"start":{"line":343,"column":12},"end":{"line":343,"column":65}},"105":{"start":{"line":344,"column":12},"end":{"line":344,"column":52}},"106":{"start":{"line":349,"column":13},"end":{"line":349,"column":94}},"107":{"start":{"line":353,"column":8},"end":{"line":353,"column":21}},"108":{"start":{"line":357,"column":8},"end":{"line":357,"column":33}},"109":{"start":{"line":359,"column":8},"end":{"line":359,"column":38}},"110":{"start":{"line":361,"column":8},"end":{"line":361,"column":30}},"111":{"start":{"line":362,"column":13},"end":{"line":362,"column":30}},"112":{"start":{"line":363,"column":8},"end":{"line":363,"column":19}},"113":{"start":{"line":367,"column":8},"end":{"line":367,"column":40}},"114":{"start":{"line":368,"column":8},"end":{"line":368,"column":44}},"115":{"start":{"line":369,"column":8},"end":{"line":369,"column":51}},"116":{"start":{"line":371,"column":8},"end":{"line":371,"column":85}},"117":{"start":{"line":372,"column":8},"end":{"line":372,"column":11143}},"118":{"start":{"line":373,"column":12},"end":{"line":373,"column":50}},"119":{"start":{"line":374,"column":12},"end":{"line":374,"column":11256}},"120":{"start":{"line":375,"column":16},"end":{"line":375,"column":83}},"121":{"start":{"line":376,"column":16},"end":{"line":376,"column":51}},"122":{"start":{"line":379,"column":12},"end":{"line":379,"column":35}},"123":{"start":{"line":380,"column":17},"end":{"line":380,"column":39}},"124":{"start":{"line":383,"column":8},"end":{"line":383,"column":22}},"125":{"start":{"line":387,"column":8},"end":{"line":387,"column":36}},"126":{"start":{"line":388,"column":8},"end":{"line":388,"column":26}},"127":{"start":{"line":390,"column":8},"end":{"line":390,"column":21}},"128":{"start":{"line":391,"column":13},"end":{"line":391,"column":23}},"129":{"start":{"line":393,"column":8},"end":{"line":393,"column":25}},"130":{"start":{"line":397,"column":8},"end":{"line":397,"column":11824}},"131":{"start":{"line":407,"column":8},"end":{"line":407,"column":28}},"132":{"start":{"line":411,"column":8},"end":{"line":411,"column":36}},"133":{"start":{"line":413,"column":8},"end":{"line":413,"column":52}},"134":{"start":{"line":415,"column":8},"end":{"line":415,"column":50}},"135":{"start":{"line":417,"column":8},"end":{"line":417,"column":43}},"136":{"start":{"line":419,"column":8},"end":{"line":419,"column":45}},"137":{"start":{"line":420,"column":13},"end":{"line":420,"column":70}},"138":{"start":{"line":422,"column":8},"end":{"line":422,"column":54}},"139":{"start":{"line":424,"column":8},"end":{"line":424,"column":22}},"140":{"start":{"line":425,"column":8},"end":{"line":425,"column":53}},"141":{"start":{"line":429,"column":8},"end":{"line":429,"column":47}},"142":{"start":{"line":433,"column":8},"end":{"line":433,"column":52}},"143":{"start":{"line":437,"column":8},"end":{"line":437,"column":42}},"144":{"start":{"line":438,"column":8},"end":{"line":438,"column":31}},"145":{"start":{"line":440,"column":8},"end":{"line":440,"column":40}},"146":{"start":{"line":442,"column":8},"end":{"line":442,"column":51}},"147":{"start":{"line":445,"column":8},"end":{"line":445,"column":38}},"148":{"start":{"line":447,"column":8},"end":{"line":447,"column":44}},"149":{"start":{"line":448,"column":8},"end":{"line":448,"column":90}},"150":{"start":{"line":450,"column":8},"end":{"line":450,"column":61}},"151":{"start":{"line":451,"column":8},"end":{"line":451,"column":61}},"152":{"start":{"line":453,"column":8},"end":{"line":453,"column":51}},"153":{"start":{"line":455,"column":8},"end":{"line":455,"column":32}},"154":{"start":{"line":459,"column":8},"end":{"line":459,"column":13748}},"155":{"start":{"line":460,"column":12},"end":{"line":460,"column":45}},"156":{"start":{"line":461,"column":17},"end":{"line":461,"column":42}},"157":{"start":{"line":466,"column":8},"end":{"line":466,"column":13999}},"158":{"start":{"line":470,"column":12},"end":{"line":470,"column":70}},"159":{"start":{"line":476,"column":8},"end":{"line":476,"column":78}},"160":{"start":{"line":477,"column":8},"end":{"line":477,"column":49}},"161":{"start":{"line":479,"column":8},"end":{"line":479,"column":36}},"162":{"start":{"line":480,"column":8},"end":{"line":480,"column":48}},"163":{"start":{"line":481,"column":8},"end":{"line":481,"column":14520}},"164":{"start":{"line":482,"column":12},"end":{"line":482,"column":68}},"165":{"start":{"line":483,"column":12},"end":{"line":483,"column":85}},"166":{"start":{"line":484,"column":12},"end":{"line":484,"column":85}},"167":{"start":{"line":485,"column":12},"end":{"line":485,"column":69}},"168":{"start":{"line":486,"column":12},"end":{"line":486,"column":14913}},"169":{"start":{"line":487,"column":16},"end":{"line":487,"column":34}},"170":{"start":{"line":490,"column":16},"end":{"line":490,"column":15033}},"171":{"start":{"line":491,"column":20},"end":{"line":491,"column":58}},"172":{"start":{"line":492,"column":20},"end":{"line":492,"column":44}},"173":{"start":{"line":493,"column":25},"end":{"line":493,"column":44}},"174":{"start":{"line":494,"column":20},"end":{"line":494,"column":38}},"175":{"start":{"line":496,"column":16},"end":{"line":496,"column":15336}},"176":{"start":{"line":497,"column":20},"end":{"line":497,"column":85}},"177":{"start":{"line":498,"column":25},"end":{"line":498,"column":44}},"178":{"start":{"line":499,"column":20},"end":{"line":499,"column":38}},"179":{"start":{"line":502,"column":16},"end":{"line":502,"column":93}},"180":{"start":{"line":503,"column":16},"end":{"line":503,"column":67}},"181":{"start":{"line":505,"column":16},"end":{"line":505,"column":15789}},"182":{"start":{"line":506,"column":20},"end":{"line":506,"column":65}},"183":{"start":{"line":507,"column":25},"end":{"line":507,"column":72}},"184":{"start":{"line":509,"column":16},"end":{"line":509,"column":16001}},"185":{"start":{"line":510,"column":20},"end":{"line":510,"column":70}},"186":{"start":{"line":511,"column":25},"end":{"line":511,"column":77}},"187":{"start":{"line":527,"column":8},"end":{"line":527,"column":39}},"188":{"start":{"line":528,"column":8},"end":{"line":528,"column":42}},"189":{"start":{"line":530,"column":13},"end":{"line":530,"column":45}},"190":{"start":{"line":532,"column":8},"end":{"line":532,"column":29}},"191":{"start":{"line":533,"column":8},"end":{"line":533,"column":61}},"192":{"start":{"line":537,"column":8},"end":{"line":537,"column":35}},"193":{"start":{"line":538,"column":8},"end":{"line":538,"column":32}},"194":{"start":{"line":544,"column":8},"end":{"line":544,"column":39}},"195":{"start":{"line":545,"column":8},"end":{"line":545,"column":45}},"196":{"start":{"line":547,"column":13},"end":{"line":547,"column":45}},"197":{"start":{"line":549,"column":8},"end":{"line":549,"column":32}},"198":{"start":{"line":550,"column":8},"end":{"line":550,"column":61}},"199":{"start":{"line":555,"column":8},"end":{"line":555,"column":55}},"200":{"start":{"line":557,"column":8},"end":{"line":557,"column":43}},"201":{"start":{"line":558,"column":8},"end":{"line":558,"column":59}},"202":{"start":{"line":559,"column":13},"end":{"line":559,"column":50}},"203":{"start":{"line":562,"column":8},"end":{"line":562,"column":45}},"204":{"start":{"line":563,"column":8},"end":{"line":563,"column":37}},"205":{"start":{"line":565,"column":8},"end":{"line":565,"column":43}},"206":{"start":{"line":566,"column":8},"end":{"line":566,"column":59}},"207":{"start":{"line":567,"column":13},"end":{"line":567,"column":51}},"208":{"start":{"line":570,"column":8},"end":{"line":570,"column":33}},"209":{"start":{"line":575,"column":8},"end":{"line":575,"column":37}},"210":{"start":{"line":581,"column":8},"end":{"line":581,"column":34}},"211":{"start":{"line":586,"column":8},"end":{"line":586,"column":18731}},"212":{"start":{"line":587,"column":12},"end":{"line":587,"column":18}},"213":{"start":{"line":590,"column":8},"end":{"line":590,"column":18808}},"214":{"start":{"line":591,"column":12},"end":{"line":591,"column":18}},"215":{"start":{"line":594,"column":8},"end":{"line":594,"column":18901}},"216":{"start":{"line":595,"column":12},"end":{"line":595,"column":46}},"217":{"start":{"line":597,"column":12},"end":{"line":597,"column":74}},"218":{"start":{"line":598,"column":12},"end":{"line":598,"column":82}},"219":{"start":{"line":599,"column":17},"end":{"line":599,"column":69}},"220":{"start":{"line":603,"column":8},"end":{"line":603,"column":38}},"221":{"start":{"line":607,"column":8},"end":{"line":607,"column":37}},"222":{"start":{"line":609,"column":8},"end":{"line":609,"column":19527}},"223":{"start":{"line":610,"column":12},"end":{"line":610,"column":47}},"224":{"start":{"line":613,"column":13},"end":{"line":613,"column":48}},"225":{"start":{"line":617,"column":8},"end":{"line":617,"column":20}},"226":{"start":{"line":618,"column":8},"end":{"line":618,"column":19838}},"227":{"start":{"line":619,"column":12},"end":{"line":619,"column":19895}},"228":{"start":{"line":620,"column":16},"end":{"line":620,"column":50}},"229":{"start":{"line":621,"column":16},"end":{"line":621,"column":56}},"230":{"start":{"line":623,"column":12},"end":{"line":623,"column":18}},"231":{"start":{"line":626,"column":8},"end":{"line":626,"column":20102}},"232":{"start":{"line":627,"column":12},"end":{"line":627,"column":46}},"233":{"start":{"line":630,"column":13},"end":{"line":630,"column":54}},"234":{"start":{"line":634,"column":8},"end":{"line":634,"column":38}},"235":{"start":{"line":636,"column":13},"end":{"line":636,"column":49}},"236":{"start":{"line":641,"column":8},"end":{"line":641,"column":36}},"237":{"start":{"line":645,"column":8},"end":{"line":645,"column":35}},"238":{"start":{"line":647,"column":13},"end":{"line":647,"column":51}},"239":{"start":{"line":651,"column":8},"end":{"line":651,"column":20854}},"240":{"start":{"line":652,"column":12},"end":{"line":652,"column":44}},"241":{"start":{"line":655,"column":13},"end":{"line":655,"column":57}},"242":{"start":{"line":659,"column":8},"end":{"line":659,"column":36}},"243":{"start":{"line":661,"column":13},"end":{"line":661,"column":52}}},"branchMap":{"1":{"line":90,"type":"if","locations":[{"start":{"line":90,"column":8},"end":{"line":90,"column":8}},{"start":{"line":90,"column":8},"end":{"line":90,"column":8}}]},"2":{"line":95,"type":"if","locations":[{"start":{"line":95,"column":8},"end":{"line":95,"column":8}},{"start":{"line":95,"column":8},"end":{"line":95,"column":8}}]},"3":{"line":100,"type":"if","locations":[{"start":{"line":100,"column":8},"end":{"line":100,"column":8}},{"start":{"line":100,"column":8},"end":{"line":100,"column":8}}]},"4":{"line":101,"type":"if","locations":[{"start":{"line":101,"column":8},"end":{"line":101,"column":8}},{"start":{"line":101,"column":8},"end":{"line":101,"column":8}}]},"5":{"line":106,"type":"if","locations":[{"start":{"line":106,"column":8},"end":{"line":106,"column":8}},{"start":{"line":106,"column":8},"end":{"line":106,"column":8}}]},"6":{"line":107,"type":"if","locations":[{"start":{"line":107,"column":8},"end":{"line":107,"column":8}},{"start":{"line":107,"column":8},"end":{"line":107,"column":8}}]},"7":{"line":112,"type":"if","locations":[{"start":{"line":112,"column":8},"end":{"line":112,"column":8}},{"start":{"line":112,"column":8},"end":{"line":112,"column":8}}]},"8":{"line":113,"type":"if","locations":[{"start":{"line":113,"column":8},"end":{"line":113,"column":8}},{"start":{"line":113,"column":8},"end":{"line":113,"column":8}}]},"9":{"line":144,"type":"if","locations":[{"start":{"line":144,"column":8},"end":{"line":144,"column":8}},{"start":{"line":144,"column":8},"end":{"line":144,"column":8}}]},"10":{"line":153,"type":"if","locations":[{"start":{"line":153,"column":8},"end":{"line":153,"column":8}},{"start":{"line":153,"column":8},"end":{"line":153,"column":8}}]},"11":{"line":162,"type":"if","locations":[{"start":{"line":162,"column":8},"end":{"line":162,"column":8}},{"start":{"line":162,"column":8},"end":{"line":162,"column":8}}]},"12":{"line":171,"type":"if","locations":[{"start":{"line":171,"column":8},"end":{"line":171,"column":8}},{"start":{"line":171,"column":8},"end":{"line":171,"column":8}}]},"13":{"line":180,"type":"if","locations":[{"start":{"line":180,"column":8},"end":{"line":180,"column":8}},{"start":{"line":180,"column":8},"end":{"line":180,"column":8}}]},"14":{"line":194,"type":"if","locations":[{"start":{"line":194,"column":8},"end":{"line":194,"column":8}},{"start":{"line":194,"column":8},"end":{"line":194,"column":8}}]},"15":{"line":195,"type":"if","locations":[{"start":{"line":195,"column":8},"end":{"line":195,"column":8}},{"start":{"line":195,"column":8},"end":{"line":195,"column":8}}]},"16":{"line":197,"type":"if","locations":[{"start":{"line":197,"column":8},"end":{"line":197,"column":8}},{"start":{"line":197,"column":8},"end":{"line":197,"column":8}}]},"17":{"line":198,"type":"if","locations":[{"start":{"line":198,"column":8},"end":{"line":198,"column":8}},{"start":{"line":198,"column":8},"end":{"line":198,"column":8}}]},"18":{"line":205,"type":"if","locations":[{"start":{"line":205,"column":8},"end":{"line":205,"column":8}},{"start":{"line":205,"column":8},"end":{"line":205,"column":8}}]},"19":{"line":206,"type":"if","locations":[{"start":{"line":206,"column":8},"end":{"line":206,"column":8}},{"start":{"line":206,"column":8},"end":{"line":206,"column":8}}]},"20":{"line":208,"type":"if","locations":[{"start":{"line":208,"column":8},"end":{"line":208,"column":8}},{"start":{"line":208,"column":8},"end":{"line":208,"column":8}}]},"21":{"line":214,"type":"if","locations":[{"start":{"line":214,"column":8},"end":{"line":214,"column":8}},{"start":{"line":214,"column":8},"end":{"line":214,"column":8}}]},"22":{"line":215,"type":"if","locations":[{"start":{"line":215,"column":8},"end":{"line":215,"column":8}},{"start":{"line":215,"column":8},"end":{"line":215,"column":8}}]},"23":{"line":217,"type":"if","locations":[{"start":{"line":217,"column":8},"end":{"line":217,"column":8}},{"start":{"line":217,"column":8},"end":{"line":217,"column":8}}]},"24":{"line":223,"type":"if","locations":[{"start":{"line":223,"column":8},"end":{"line":223,"column":8}},{"start":{"line":223,"column":8},"end":{"line":223,"column":8}}]},"25":{"line":224,"type":"if","locations":[{"start":{"line":224,"column":12},"end":{"line":224,"column":12}},{"start":{"line":224,"column":12},"end":{"line":224,"column":12}}]},"26":{"line":231,"type":"if","locations":[{"start":{"line":231,"column":8},"end":{"line":231,"column":8}},{"start":{"line":231,"column":8},"end":{"line":231,"column":8}}]},"27":{"line":232,"type":"if","locations":[{"start":{"line":232,"column":8},"end":{"line":232,"column":8}},{"start":{"line":232,"column":8},"end":{"line":232,"column":8}}]},"28":{"line":233,"type":"if","locations":[{"start":{"line":233,"column":8},"end":{"line":233,"column":8}},{"start":{"line":233,"column":8},"end":{"line":233,"column":8}}]},"29":{"line":239,"type":"if","locations":[{"start":{"line":239,"column":8},"end":{"line":239,"column":8}},{"start":{"line":239,"column":8},"end":{"line":239,"column":8}}]},"30":{"line":240,"type":"if","locations":[{"start":{"line":240,"column":8},"end":{"line":240,"column":8}},{"start":{"line":240,"column":8},"end":{"line":240,"column":8}}]},"31":{"line":241,"type":"if","locations":[{"start":{"line":241,"column":8},"end":{"line":241,"column":8}},{"start":{"line":241,"column":8},"end":{"line":241,"column":8}}]},"32":{"line":248,"type":"if","locations":[{"start":{"line":248,"column":8},"end":{"line":248,"column":8}},{"start":{"line":248,"column":8},"end":{"line":248,"column":8}}]},"33":{"line":249,"type":"if","locations":[{"start":{"line":249,"column":8},"end":{"line":249,"column":8}},{"start":{"line":249,"column":8},"end":{"line":249,"column":8}}]},"34":{"line":250,"type":"if","locations":[{"start":{"line":250,"column":8},"end":{"line":250,"column":8}},{"start":{"line":250,"column":8},"end":{"line":250,"column":8}}]},"35":{"line":257,"type":"if","locations":[{"start":{"line":257,"column":8},"end":{"line":257,"column":8}},{"start":{"line":257,"column":8},"end":{"line":257,"column":8}}]},"36":{"line":258,"type":"if","locations":[{"start":{"line":258,"column":8},"end":{"line":258,"column":8}},{"start":{"line":258,"column":8},"end":{"line":258,"column":8}}]},"37":{"line":272,"type":"if","locations":[{"start":{"line":272,"column":8},"end":{"line":272,"column":8}},{"start":{"line":272,"column":8},"end":{"line":272,"column":8}}]},"38":{"line":273,"type":"if","locations":[{"start":{"line":273,"column":8},"end":{"line":273,"column":8}},{"start":{"line":273,"column":8},"end":{"line":273,"column":8}}]},"39":{"line":275,"type":"if","locations":[{"start":{"line":275,"column":8},"end":{"line":275,"column":8}},{"start":{"line":275,"column":8},"end":{"line":275,"column":8}}]},"40":{"line":276,"type":"if","locations":[{"start":{"line":276,"column":8},"end":{"line":276,"column":8}},{"start":{"line":276,"column":8},"end":{"line":276,"column":8}}]},"41":{"line":277,"type":"if","locations":[{"start":{"line":277,"column":8},"end":{"line":277,"column":8}},{"start":{"line":277,"column":8},"end":{"line":277,"column":8}}]},"42":{"line":300,"type":"if","locations":[{"start":{"line":300,"column":8},"end":{"line":300,"column":8}},{"start":{"line":300,"column":8},"end":{"line":300,"column":8}}]},"43":{"line":302,"type":"if","locations":[{"start":{"line":302,"column":8},"end":{"line":302,"column":8}},{"start":{"line":302,"column":8},"end":{"line":302,"column":8}}]},"44":{"line":303,"type":"if","locations":[{"start":{"line":303,"column":8},"end":{"line":303,"column":8}},{"start":{"line":303,"column":8},"end":{"line":303,"column":8}}]},"45":{"line":305,"type":"if","locations":[{"start":{"line":305,"column":8},"end":{"line":305,"column":8}},{"start":{"line":305,"column":8},"end":{"line":305,"column":8}}]},"46":{"line":306,"type":"if","locations":[{"start":{"line":306,"column":8},"end":{"line":306,"column":8}},{"start":{"line":306,"column":8},"end":{"line":306,"column":8}}]},"47":{"line":307,"type":"if","locations":[{"start":{"line":307,"column":8},"end":{"line":307,"column":8}},{"start":{"line":307,"column":8},"end":{"line":307,"column":8}}]},"48":{"line":308,"type":"if","locations":[{"start":{"line":308,"column":8},"end":{"line":308,"column":8}},{"start":{"line":308,"column":8},"end":{"line":308,"column":8}}]},"49":{"line":327,"type":"if","locations":[{"start":{"line":327,"column":8},"end":{"line":327,"column":8}},{"start":{"line":327,"column":8},"end":{"line":327,"column":8}}]},"50":{"line":330,"type":"if","locations":[{"start":{"line":330,"column":8},"end":{"line":330,"column":8}},{"start":{"line":330,"column":8},"end":{"line":330,"column":8}}]},"51":{"line":332,"type":"if","locations":[{"start":{"line":332,"column":8},"end":{"line":332,"column":8}},{"start":{"line":332,"column":8},"end":{"line":332,"column":8}}]},"52":{"line":333,"type":"if","locations":[{"start":{"line":333,"column":8},"end":{"line":333,"column":8}},{"start":{"line":333,"column":8},"end":{"line":333,"column":8}}]},"53":{"line":335,"type":"if","locations":[{"start":{"line":335,"column":8},"end":{"line":335,"column":8}},{"start":{"line":335,"column":8},"end":{"line":335,"column":8}}]},"54":{"line":336,"type":"if","locations":[{"start":{"line":336,"column":8},"end":{"line":336,"column":8}},{"start":{"line":336,"column":8},"end":{"line":336,"column":8}}]},"55":{"line":338,"type":"if","locations":[{"start":{"line":338,"column":8},"end":{"line":338,"column":8}},{"start":{"line":338,"column":8},"end":{"line":338,"column":8}}]},"56":{"line":340,"type":"if","locations":[{"start":{"line":340,"column":8},"end":{"line":340,"column":8}},{"start":{"line":340,"column":8},"end":{"line":340,"column":8}}]},"57":{"line":341,"type":"if","locations":[{"start":{"line":341,"column":8},"end":{"line":341,"column":8}},{"start":{"line":341,"column":8},"end":{"line":341,"column":8}}]},"58":{"line":342,"type":"if","locations":[{"start":{"line":342,"column":8},"end":{"line":342,"column":8}},{"start":{"line":342,"column":8},"end":{"line":342,"column":8}}]},"59":{"line":344,"type":"if","locations":[{"start":{"line":344,"column":12},"end":{"line":344,"column":12}},{"start":{"line":344,"column":12},"end":{"line":344,"column":12}}]},"60":{"line":357,"type":"if","locations":[{"start":{"line":357,"column":8},"end":{"line":357,"column":8}},{"start":{"line":357,"column":8},"end":{"line":357,"column":8}}]},"61":{"line":367,"type":"if","locations":[{"start":{"line":367,"column":8},"end":{"line":367,"column":8}},{"start":{"line":367,"column":8},"end":{"line":367,"column":8}}]},"62":{"line":368,"type":"if","locations":[{"start":{"line":368,"column":8},"end":{"line":368,"column":8}},{"start":{"line":368,"column":8},"end":{"line":368,"column":8}}]},"63":{"line":369,"type":"if","locations":[{"start":{"line":369,"column":8},"end":{"line":369,"column":8}},{"start":{"line":369,"column":8},"end":{"line":369,"column":8}}]},"64":{"line":372,"type":"if","locations":[{"start":{"line":372,"column":8},"end":{"line":372,"column":8}},{"start":{"line":372,"column":8},"end":{"line":372,"column":8}}]},"65":{"line":374,"type":"if","locations":[{"start":{"line":374,"column":12},"end":{"line":374,"column":12}},{"start":{"line":374,"column":12},"end":{"line":374,"column":12}}]},"66":{"line":387,"type":"if","locations":[{"start":{"line":387,"column":8},"end":{"line":387,"column":8}},{"start":{"line":387,"column":8},"end":{"line":387,"column":8}}]},"67":{"line":388,"type":"if","locations":[{"start":{"line":388,"column":8},"end":{"line":388,"column":8}},{"start":{"line":388,"column":8},"end":{"line":388,"column":8}}]},"68":{"line":397,"type":"if","locations":[{"start":{"line":397,"column":8},"end":{"line":397,"column":8}},{"start":{"line":397,"column":8},"end":{"line":397,"column":8}}]},"69":{"line":437,"type":"if","locations":[{"start":{"line":437,"column":8},"end":{"line":437,"column":8}},{"start":{"line":437,"column":8},"end":{"line":437,"column":8}}]},"70":{"line":438,"type":"if","locations":[{"start":{"line":438,"column":8},"end":{"line":438,"column":8}},{"start":{"line":438,"column":8},"end":{"line":438,"column":8}}]},"71":{"line":440,"type":"if","locations":[{"start":{"line":440,"column":8},"end":{"line":440,"column":8}},{"start":{"line":440,"column":8},"end":{"line":440,"column":8}}]},"72":{"line":442,"type":"if","locations":[{"start":{"line":442,"column":8},"end":{"line":442,"column":8}},{"start":{"line":442,"column":8},"end":{"line":442,"column":8}}]},"73":{"line":447,"type":"if","locations":[{"start":{"line":447,"column":8},"end":{"line":447,"column":8}},{"start":{"line":447,"column":8},"end":{"line":447,"column":8}}]},"74":{"line":448,"type":"if","locations":[{"start":{"line":448,"column":8},"end":{"line":448,"column":8}},{"start":{"line":448,"column":8},"end":{"line":448,"column":8}}]},"75":{"line":450,"type":"if","locations":[{"start":{"line":450,"column":8},"end":{"line":450,"column":8}},{"start":{"line":450,"column":8},"end":{"line":450,"column":8}}]},"76":{"line":451,"type":"if","locations":[{"start":{"line":451,"column":8},"end":{"line":451,"column":8}},{"start":{"line":451,"column":8},"end":{"line":451,"column":8}}]},"77":{"line":455,"type":"if","locations":[{"start":{"line":455,"column":8},"end":{"line":455,"column":8}},{"start":{"line":455,"column":8},"end":{"line":455,"column":8}}]},"78":{"line":459,"type":"if","locations":[{"start":{"line":459,"column":8},"end":{"line":459,"column":8}},{"start":{"line":459,"column":8},"end":{"line":459,"column":8}}]},"79":{"line":466,"type":"if","locations":[{"start":{"line":466,"column":8},"end":{"line":466,"column":8}},{"start":{"line":466,"column":8},"end":{"line":466,"column":8}}]},"80":{"line":481,"type":"if","locations":[{"start":{"line":481,"column":8},"end":{"line":481,"column":8}},{"start":{"line":481,"column":8},"end":{"line":481,"column":8}}]},"81":{"line":486,"type":"if","locations":[{"start":{"line":486,"column":12},"end":{"line":486,"column":12}},{"start":{"line":486,"column":12},"end":{"line":486,"column":12}}]},"82":{"line":490,"type":"if","locations":[{"start":{"line":490,"column":16},"end":{"line":490,"column":16}},{"start":{"line":490,"column":16},"end":{"line":490,"column":16}}]},"83":{"line":496,"type":"if","locations":[{"start":{"line":496,"column":16},"end":{"line":496,"column":16}},{"start":{"line":496,"column":16},"end":{"line":496,"column":16}}]},"84":{"line":505,"type":"if","locations":[{"start":{"line":505,"column":16},"end":{"line":505,"column":16}},{"start":{"line":505,"column":16},"end":{"line":505,"column":16}}]},"85":{"line":509,"type":"if","locations":[{"start":{"line":509,"column":16},"end":{"line":509,"column":16}},{"start":{"line":509,"column":16},"end":{"line":509,"column":16}}]},"86":{"line":537,"type":"if","locations":[{"start":{"line":537,"column":8},"end":{"line":537,"column":8}},{"start":{"line":537,"column":8},"end":{"line":537,"column":8}}]},"87":{"line":538,"type":"if","locations":[{"start":{"line":538,"column":8},"end":{"line":538,"column":8}},{"start":{"line":538,"column":8},"end":{"line":538,"column":8}}]},"88":{"line":555,"type":"if","locations":[{"start":{"line":555,"column":8},"end":{"line":555,"column":8}},{"start":{"line":555,"column":8},"end":{"line":555,"column":8}}]},"89":{"line":562,"type":"if","locations":[{"start":{"line":562,"column":8},"end":{"line":562,"column":8}},{"start":{"line":562,"column":8},"end":{"line":562,"column":8}}]},"90":{"line":563,"type":"if","locations":[{"start":{"line":563,"column":8},"end":{"line":563,"column":8}},{"start":{"line":563,"column":8},"end":{"line":563,"column":8}}]},"91":{"line":586,"type":"if","locations":[{"start":{"line":586,"column":8},"end":{"line":586,"column":8}},{"start":{"line":586,"column":8},"end":{"line":586,"column":8}}]},"92":{"line":590,"type":"if","locations":[{"start":{"line":590,"column":8},"end":{"line":590,"column":8}},{"start":{"line":590,"column":8},"end":{"line":590,"column":8}}]},"93":{"line":594,"type":"if","locations":[{"start":{"line":594,"column":8},"end":{"line":594,"column":8}},{"start":{"line":594,"column":8},"end":{"line":594,"column":8}}]},"94":{"line":609,"type":"if","locations":[{"start":{"line":609,"column":8},"end":{"line":609,"column":8}},{"start":{"line":609,"column":8},"end":{"line":609,"column":8}}]},"95":{"line":618,"type":"if","locations":[{"start":{"line":618,"column":8},"end":{"line":618,"column":8}},{"start":{"line":618,"column":8},"end":{"line":618,"column":8}}]}}},"contracts/BasicToken.sol":{"l":{"23":0,"32":0,"33":0,"36":0,"37":0,"38":0,"39":0,"48":0},"path":"/home/abhi_21094/Projects/aca-audit/contracts/BasicToken.sol","s":{"1":0,"2":0,"3":0,"4":0,"5":0,"6":0,"7":0,"8":0},"b":{"1":[0,0],"2":[0,0]},"f":{"1":0,"2":0,"3":0},"fnMap":{"1":{"name":"totalSupply","line":22,"loc":{"start":{"line":22,"column":2},"end":{"line":22,"column":54}}},"2":{"name":"transfer","line":31,"loc":{"start":{"line":31,"column":2},"end":{"line":31,"column":70}}},"3":{"name":"balanceOf","line":47,"loc":{"start":{"line":47,"column":2},"end":{"line":47,"column":74}}}},"statementMap":{"1":{"start":{"line":23,"column":4},"end":{"line":23,"column":23}},"2":{"start":{"line":32,"column":4},"end":{"line":32,"column":29}},"3":{"start":{"line":33,"column":4},"end":{"line":33,"column":42}},"4":{"start":{"line":36,"column":4},"end":{"line":36,"column":58}},"5":{"start":{"line":37,"column":4},"end":{"line":37,"column":44}},"6":{"start":{"line":38,"column":4},"end":{"line":38,"column":36}},"7":{"start":{"line":39,"column":4},"end":{"line":39,"column":15}},"8":{"start":{"line":48,"column":4},"end":{"line":48,"column":27}}},"branchMap":{"1":{"line":32,"type":"if","locations":[{"start":{"line":32,"column":4},"end":{"line":32,"column":4}},{"start":{"line":32,"column":4},"end":{"line":32,"column":4}}]},"2":{"line":33,"type":"if","locations":[{"start":{"line":33,"column":4},"end":{"line":33,"column":4}},{"start":{"line":33,"column":4},"end":{"line":33,"column":4}}]}}},"contracts/BurnableToken.sol":{"l":{"19":0,"23":0,"24":0,"25":0,"26":0},"path":"/home/abhi_21094/Projects/aca-audit/contracts/BurnableToken.sol","s":{"1":0,"2":0,"3":0,"4":0,"5":0},"b":{"1":[0,0]},"f":{"1":0},"fnMap":{"1":{"name":"burn","line":18,"loc":{"start":{"line":18,"column":2},"end":{"line":18,"column":38}}}},"statementMap":{"1":{"start":{"line":19,"column":4},"end":{"line":19,"column":42}},"2":{"start":{"line":23,"column":4},"end":{"line":23,"column":30}},"3":{"start":{"line":24,"column":4},"end":{"line":24,"column":50}},"4":{"start":{"line":25,"column":4},"end":{"line":25,"column":42}},"5":{"start":{"line":26,"column":4},"end":{"line":26,"column":23}}},"branchMap":{"1":{"line":19,"type":"if","locations":[{"start":{"line":19,"column":4},"end":{"line":19,"column":4}},{"start":{"line":19,"column":4},"end":{"line":19,"column":4}}]}}},"contracts/CanReclaimToken.sol":{"l":{"22":0,"23":0},"path":"/home/abhi_21094/Projects/aca-audit/contracts/CanReclaimToken.sol","s":{"1":0},"b":{},"f":{"1":0},"fnMap":{"1":{"name":"reclaimToken","line":21,"loc":{"start":{"line":21,"column":2},"end":{"line":21,"column":60}}}},"statementMap":{"1":{"start":{"line":22,"column":4},"end":{"line":22,"column":42}}},"branchMap":{}},"contracts/CappedToken.sol":{"l":{"15":0,"16":0,"26":0,"28":0},"path":"/home/abhi_21094/Projects/aca-audit/contracts/CappedToken.sol","s":{"1":0,"2":0,"3":0,"4":0},"b":{"1":[0,0],"2":[0,0]},"f":{"1":0,"2":0},"fnMap":{"1":{"name":"CappedToken","line":14,"loc":{"start":{"line":14,"column":2},"end":{"line":14,"column":43}}},"2":{"name":"mint","line":25,"loc":{"start":{"line":25,"column":2},"end":{"line":25,"column":85}}}},"statementMap":{"1":{"start":{"line":15,"column":4},"end":{"line":15,"column":20}},"2":{"start":{"line":16,"column":4},"end":{"line":16,"column":13}},"3":{"start":{"line":26,"column":4},"end":{"line":26,"column":44}},"4":{"start":{"line":28,"column":4},"end":{"line":28,"column":35}}},"branchMap":{"1":{"line":15,"type":"if","locations":[{"start":{"line":15,"column":4},"end":{"line":15,"column":4}},{"start":{"line":15,"column":4},"end":{"line":15,"column":4}}]},"2":{"line":26,"type":"if","locations":[{"start":{"line":26,"column":4},"end":{"line":26,"column":4}},{"start":{"line":26,"column":4},"end":{"line":26,"column":4}}]}}},"contracts/Claimable.sol":{"l":{"19":0,"20":0,"28":0,"35":0,"36":0,"37":0},"path":"/home/abhi_21094/Projects/aca-audit/contracts/Claimable.sol","s":{"1":0,"2":0,"3":0,"4":0,"5":0},"b":{"1":[0,0]},"f":{"1":0,"2":0,"3":0},"fnMap":{"1":{"name":"onlyPendingOwner","line":18,"loc":{"start":{"line":18,"column":2},"end":{"line":18,"column":29}}},"2":{"name":"transferOwnership","line":27,"loc":{"start":{"line":27,"column":2},"end":{"line":27,"column":63}}},"3":{"name":"claimOwnership","line":34,"loc":{"start":{"line":34,"column":2},"end":{"line":34,"column":51}}}},"statementMap":{"1":{"start":{"line":19,"column":4},"end":{"line":19,"column":38}},"2":{"start":{"line":28,"column":4},"end":{"line":28,"column":26}},"3":{"start":{"line":35,"column":4},"end":{"line":35,"column":44}},"4":{"start":{"line":36,"column":4},"end":{"line":36,"column":23}},"5":{"start":{"line":37,"column":4},"end":{"line":37,"column":28}}},"branchMap":{"1":{"line":19,"type":"if","locations":[{"start":{"line":19,"column":4},"end":{"line":19,"column":4}},{"start":{"line":19,"column":4},"end":{"line":19,"column":4}}]}}},"contracts/Contactable.sol":{"l":{"20":0},"path":"/home/abhi_21094/Projects/aca-audit/contracts/Contactable.sol","s":{"1":0},"b":{},"f":{"1":0},"fnMap":{"1":{"name":"setContactInformation","line":19,"loc":{"start":{"line":19,"column":2},"end":{"line":19,"column":62}}}},"statementMap":{"1":{"start":{"line":20,"column":4},"end":{"line":20,"column":28}}},"branchMap":{}},"contracts/DelayedClaimable.sol":{"l":{"23":0,"24":0,"25":0,"33":0,"34":0,"35":0,"36":0,"37":0},"path":"/home/abhi_21094/Projects/aca-audit/contracts/DelayedClaimable.sol","s":{"1":0,"2":0,"3":0,"4":0,"5":0,"6":0,"7":0,"8":0},"b":{"1":[0,0],"2":[0,0]},"f":{"1":0,"2":0},"fnMap":{"1":{"name":"setLimits","line":22,"loc":{"start":{"line":22,"column":2},"end":{"line":22,"column":67}}},"2":{"name":"claimOwnership","line":32,"loc":{"start":{"line":32,"column":2},"end":{"line":32,"column":51}}}},"statementMap":{"1":{"start":{"line":23,"column":4},"end":{"line":23,"column":26}},"2":{"start":{"line":24,"column":4},"end":{"line":24,"column":13}},"3":{"start":{"line":25,"column":4},"end":{"line":25,"column":17}},"4":{"start":{"line":33,"column":4},"end":{"line":33,"column":60}},"5":{"start":{"line":34,"column":4},"end":{"line":34,"column":44}},"6":{"start":{"line":35,"column":4},"end":{"line":35,"column":23}},"7":{"start":{"line":36,"column":4},"end":{"line":36,"column":28}},"8":{"start":{"line":37,"column":4},"end":{"line":37,"column":10}}},"branchMap":{"1":{"line":23,"type":"if","locations":[{"start":{"line":23,"column":4},"end":{"line":23,"column":4}},{"start":{"line":23,"column":4},"end":{"line":23,"column":4}}]},"2":{"line":33,"type":"if","locations":[{"start":{"line":33,"column":4},"end":{"line":33,"column":4}},{"start":{"line":33,"column":4},"end":{"line":33,"column":4}}]}}},"contracts/DetailedERC20.sol":{"l":{"12":0,"13":0,"14":0},"path":"/home/abhi_21094/Projects/aca-audit/contracts/DetailedERC20.sol","s":{"1":0,"2":0,"3":0},"b":{},"f":{"1":0},"fnMap":{"1":{"name":"DetailedERC20","line":11,"loc":{"start":{"line":11,"column":2},"end":{"line":11,"column":78}}}},"statementMap":{"1":{"start":{"line":12,"column":4},"end":{"line":12,"column":15}},"2":{"start":{"line":13,"column":4},"end":{"line":13,"column":19}},"3":{"start":{"line":14,"column":4},"end":{"line":14,"column":23}}},"branchMap":{}},"contracts/ERC20.sol":{"l":{},"path":"/home/abhi_21094/Projects/aca-audit/contracts/ERC20.sol","s":{},"b":{},"f":{},"fnMap":{},"statementMap":{},"branchMap":{}},"contracts/ERC20Basic.sol":{"l":{},"path":"/home/abhi_21094/Projects/aca-audit/contracts/ERC20Basic.sol","s":{},"b":{},"f":{},"fnMap":{},"statementMap":{},"branchMap":{}},"contracts/HasNoContracts.sol":{"l":{"19":0,"20":0},"path":"/home/abhi_21094/Projects/aca-audit/contracts/HasNoContracts.sol","s":{"1":0},"b":{},"f":{"1":0},"fnMap":{"1":{"name":"reclaimContract","line":18,"loc":{"start":{"line":18,"column":2},"end":{"line":18,"column":67}}}},"statementMap":{"1":{"start":{"line":19,"column":4},"end":{"line":19,"column":47}}},"branchMap":{}},"contracts/HasNoEther.sol":{"l":{"26":0,"39":0},"path":"/home/abhi_21094/Projects/aca-audit/contracts/HasNoEther.sol","s":{"1":0,"2":0},"b":{"1":[0,0],"2":[0,0]},"f":{"1":0,"2":0,"3":0},"fnMap":{"1":{"name":"HasNoEther","line":25,"loc":{"start":{"line":25,"column":2},"end":{"line":25,"column":38}}},"2":{"name":null,"line":32,"loc":{"start":{"line":32,"column":2},"end":{"line":32,"column":21}}},"3":{"name":"reclaimEther","line":38,"loc":{"start":{"line":38,"column":2},"end":{"line":38,"column":44}}}},"statementMap":{"1":{"start":{"line":26,"column":4},"end":{"line":26,"column":26}},"2":{"start":{"line":39,"column":4},"end":{"line":39,"column":35}}},"branchMap":{"1":{"line":26,"type":"if","locations":[{"start":{"line":26,"column":4},"end":{"line":26,"column":4}},{"start":{"line":26,"column":4},"end":{"line":26,"column":4}}]},"2":{"line":39,"type":"if","locations":[{"start":{"line":39,"column":4},"end":{"line":39,"column":4}},{"start":{"line":39,"column":4},"end":{"line":39,"column":4}}]}}},"contracts/HasNoTokens.sol":{"l":{"22":0,"23":0,"24":0,"25":0},"path":"/home/abhi_21094/Projects/aca-audit/contracts/HasNoTokens.sol","s":{"1":0},"b":{},"f":{"1":0},"fnMap":{"1":{"name":"tokenFallback","line":21,"loc":{"start":{"line":21,"column":2},"end":{"line":21,"column":77}}}},"statementMap":{"1":{"start":{"line":25,"column":4},"end":{"line":25,"column":11}}},"branchMap":{}},"contracts/Heritable.sol":{"l":{"32":0,"33":0,"43":0,"47":0,"48":0,"49":0,"50":0,"58":0,"62":0,"66":0,"73":0,"74":0,"82":0,"83":0,"84":0,"91":0,"92":0,"99":0,"100":0,"101":0,"102":0,"103":0,"104":0,"108":0,"109":0,"113":0},"path":"/home/abhi_21094/Projects/aca-audit/contracts/Heritable.sol","s":{"1":0,"2":0,"3":0,"4":0,"5":0,"6":0,"7":0,"8":0,"9":0,"10":0,"11":0,"12":0,"13":0,"14":0,"15":0,"16":0,"17":0,"18":0,"19":0,"20":0,"21":0,"22":0,"23":0,"24":0,"25":0},"b":{"1":[0,0],"2":[0,0],"3":[0,0],"4":[0,0],"5":[0,0],"6":[0,0]},"f":{"1":0,"2":0,"3":0,"4":0,"5":0,"6":0,"7":0,"8":0,"9":0,"10":0,"11":0,"12":0},"fnMap":{"1":{"name":"onlyHeir","line":31,"loc":{"start":{"line":31,"column":2},"end":{"line":31,"column":21}}},"2":{"name":"Heritable","line":42,"loc":{"start":{"line":42,"column":2},"end":{"line":42,"column":54}}},"3":{"name":"setHeir","line":46,"loc":{"start":{"line":46,"column":2},"end":{"line":46,"column":52}}},"4":{"name":"heir","line":57,"loc":{"start":{"line":57,"column":2},"end":{"line":57,"column":46}}},"5":{"name":"heartbeatTimeout","line":61,"loc":{"start":{"line":61,"column":2},"end":{"line":61,"column":58}}},"6":{"name":"timeOfDeath","line":65,"loc":{"start":{"line":65,"column":2},"end":{"line":65,"column":53}}},"7":{"name":"removeHeir","line":72,"loc":{"start":{"line":72,"column":2},"end":{"line":72,"column":40}}},"8":{"name":"proclaimDeath","line":81,"loc":{"start":{"line":81,"column":2},"end":{"line":81,"column":42}}},"9":{"name":"heartbeat","line":90,"loc":{"start":{"line":90,"column":2},"end":{"line":90,"column":39}}},"10":{"name":"claimHeirOwnership","line":98,"loc":{"start":{"line":98,"column":2},"end":{"line":98,"column":47}}},"11":{"name":"setHeartbeatTimeout","line":107,"loc":{"start":{"line":107,"column":2},"end":{"line":107,"column":78}}},"12":{"name":"ownerLives","line":112,"loc":{"start":{"line":112,"column":2},"end":{"line":112,"column":52}}}},"statementMap":{"1":{"start":{"line":32,"column":4},"end":{"line":32,"column":31}},"2":{"start":{"line":43,"column":4},"end":{"line":43,"column":41}},"3":{"start":{"line":47,"column":4},"end":{"line":47,"column":28}},"4":{"start":{"line":48,"column":4},"end":{"line":48,"column":14}},"5":{"start":{"line":49,"column":4},"end":{"line":49,"column":30}},"6":{"start":{"line":50,"column":4},"end":{"line":50,"column":18}},"7":{"start":{"line":58,"column":4},"end":{"line":58,"column":16}},"8":{"start":{"line":62,"column":4},"end":{"line":62,"column":28}},"9":{"start":{"line":66,"column":4},"end":{"line":66,"column":23}},"10":{"start":{"line":73,"column":4},"end":{"line":73,"column":14}},"11":{"start":{"line":74,"column":4},"end":{"line":74,"column":12}},"12":{"start":{"line":82,"column":4},"end":{"line":82,"column":24}},"13":{"start":{"line":83,"column":4},"end":{"line":83,"column":50}},"14":{"start":{"line":84,"column":4},"end":{"line":84,"column":33}},"15":{"start":{"line":91,"column":4},"end":{"line":91,"column":26}},"16":{"start":{"line":92,"column":4},"end":{"line":92,"column":19}},"17":{"start":{"line":99,"column":4},"end":{"line":99,"column":25}},"18":{"start":{"line":100,"column":4},"end":{"line":100,"column":63}},"19":{"start":{"line":101,"column":4},"end":{"line":101,"column":37}},"20":{"start":{"line":102,"column":4},"end":{"line":102,"column":37}},"21":{"start":{"line":103,"column":4},"end":{"line":103,"column":16}},"22":{"start":{"line":104,"column":4},"end":{"line":104,"column":19}},"23":{"start":{"line":108,"column":4},"end":{"line":108,"column":24}},"24":{"start":{"line":109,"column":4},"end":{"line":109,"column":42}},"25":{"start":{"line":113,"column":4},"end":{"line":113,"column":28}}},"branchMap":{"1":{"line":32,"type":"if","locations":[{"start":{"line":32,"column":4},"end":{"line":32,"column":4}},{"start":{"line":32,"column":4},"end":{"line":32,"column":4}}]},"2":{"line":47,"type":"if","locations":[{"start":{"line":47,"column":4},"end":{"line":47,"column":4}},{"start":{"line":47,"column":4},"end":{"line":47,"column":4}}]},"3":{"line":82,"type":"if","locations":[{"start":{"line":82,"column":4},"end":{"line":82,"column":4}},{"start":{"line":82,"column":4},"end":{"line":82,"column":4}}]},"4":{"line":99,"type":"if","locations":[{"start":{"line":99,"column":4},"end":{"line":99,"column":4}},{"start":{"line":99,"column":4},"end":{"line":99,"column":4}}]},"5":{"line":100,"type":"if","locations":[{"start":{"line":100,"column":4},"end":{"line":100,"column":4}},{"start":{"line":100,"column":4},"end":{"line":100,"column":4}}]},"6":{"line":108,"type":"if","locations":[{"start":{"line":108,"column":4},"end":{"line":108,"column":4}},{"start":{"line":108,"column":4},"end":{"line":108,"column":4}}]}}},"contracts/MintableToken.sol":{"l":{"21":0,"22":0,"32":0,"33":0,"34":0,"35":0,"36":0,"44":0,"45":0,"46":0},"path":"/home/abhi_21094/Projects/aca-audit/contracts/MintableToken.sol","s":{"1":0,"2":0,"3":0,"4":0,"5":0,"6":0,"7":0,"8":0,"9":0},"b":{"1":[0,0]},"f":{"1":0,"2":0,"3":0},"fnMap":{"1":{"name":"canMint","line":20,"loc":{"start":{"line":20,"column":2},"end":{"line":20,"column":20}}},"2":{"name":"mint","line":31,"loc":{"start":{"line":31,"column":2},"end":{"line":31,"column":85}}},"3":{"name":"finishMinting","line":43,"loc":{"start":{"line":43,"column":2},"end":{"line":43,"column":66}}}},"statementMap":{"1":{"start":{"line":21,"column":4},"end":{"line":21,"column":28}},"2":{"start":{"line":32,"column":4},"end":{"line":32,"column":43}},"3":{"start":{"line":33,"column":4},"end":{"line":33,"column":45}},"4":{"start":{"line":34,"column":4},"end":{"line":34,"column":21}},"5":{"start":{"line":35,"column":4},"end":{"line":35,"column":37}},"6":{"start":{"line":36,"column":4},"end":{"line":36,"column":15}},"7":{"start":{"line":44,"column":4},"end":{"line":44,"column":25}},"8":{"start":{"line":45,"column":4},"end":{"line":45,"column":17}},"9":{"start":{"line":46,"column":4},"end":{"line":46,"column":15}}},"branchMap":{"1":{"line":21,"type":"if","locations":[{"start":{"line":21,"column":4},"end":{"line":21,"column":4}},{"start":{"line":21,"column":4},"end":{"line":21,"column":4}}]}}},"contracts/NoOwner.sol":{"l":{},"path":"/home/abhi_21094/Projects/aca-audit/contracts/NoOwner.sol","s":{},"b":{},"f":{},"fnMap":{},"statementMap":{},"branchMap":{}},"contracts/Ownable.sol":{"l":{"21":2,"28":8,"29":8,"37":0,"38":0,"39":0},"path":"/home/abhi_21094/Projects/aca-audit/contracts/Ownable.sol","s":{"1":2,"2":8,"3":0,"4":0,"5":0},"b":{"1":[8,0],"2":[0,0]},"f":{"1":2,"2":8,"3":0},"fnMap":{"1":{"name":"Ownable","line":20,"loc":{"start":{"line":20,"column":2},"end":{"line":20,"column":27}}},"2":{"name":"onlyOwner","line":27,"loc":{"start":{"line":27,"column":2},"end":{"line":27,"column":22}}},"3":{"name":"transferOwnership","line":36,"loc":{"start":{"line":36,"column":2},"end":{"line":36,"column":63}}}},"statementMap":{"1":{"start":{"line":21,"column":4},"end":{"line":21,"column":21}},"2":{"start":{"line":28,"column":4},"end":{"line":28,"column":31}},"3":{"start":{"line":37,"column":4},"end":{"line":37,"column":34}},"4":{"start":{"line":38,"column":4},"end":{"line":38,"column":40}},"5":{"start":{"line":39,"column":4},"end":{"line":39,"column":19}}},"branchMap":{"1":{"line":28,"type":"if","locations":[{"start":{"line":28,"column":4},"end":{"line":28,"column":4}},{"start":{"line":28,"column":4},"end":{"line":28,"column":4}}]},"2":{"line":37,"type":"if","locations":[{"start":{"line":37,"column":4},"end":{"line":37,"column":4}},{"start":{"line":37,"column":4},"end":{"line":37,"column":4}}]}}},"contracts/Pausable.sol":{"l":{"22":0,"23":0,"30":0,"31":0,"38":0,"39":0,"46":0,"47":0},"path":"/home/abhi_21094/Projects/aca-audit/contracts/Pausable.sol","s":{"1":0,"2":0,"3":0,"4":0,"5":0,"6":0},"b":{"1":[0,0],"2":[0,0]},"f":{"1":0,"2":0,"3":0,"4":0},"fnMap":{"1":{"name":"whenNotPaused","line":21,"loc":{"start":{"line":21,"column":2},"end":{"line":21,"column":26}}},"2":{"name":"whenPaused","line":29,"loc":{"start":{"line":29,"column":2},"end":{"line":29,"column":23}}},"3":{"name":"pause","line":37,"loc":{"start":{"line":37,"column":2},"end":{"line":37,"column":49}}},"4":{"name":"unpause","line":45,"loc":{"start":{"line":45,"column":2},"end":{"line":45,"column":48}}}},"statementMap":{"1":{"start":{"line":22,"column":4},"end":{"line":22,"column":19}},"2":{"start":{"line":30,"column":4},"end":{"line":30,"column":18}},"3":{"start":{"line":38,"column":4},"end":{"line":38,"column":16}},"4":{"start":{"line":39,"column":4},"end":{"line":39,"column":10}},"5":{"start":{"line":46,"column":4},"end":{"line":46,"column":17}},"6":{"start":{"line":47,"column":4},"end":{"line":47,"column":12}}},"branchMap":{"1":{"line":22,"type":"if","locations":[{"start":{"line":22,"column":4},"end":{"line":22,"column":4}},{"start":{"line":22,"column":4},"end":{"line":22,"column":4}}]},"2":{"line":30,"type":"if","locations":[{"start":{"line":30,"column":4},"end":{"line":30,"column":4}},{"start":{"line":30,"column":4},"end":{"line":30,"column":4}}]}}},"contracts/PausableToken.sol":{"l":{"14":0},"path":"/home/abhi_21094/Projects/aca-audit/contracts/PausableToken.sol","s":{"1":0},"b":{},"f":{"1":0},"fnMap":{"1":{"name":"transfer","line":13,"loc":{"start":{"line":13,"column":2},"end":{"line":13,"column":84}}}},"statementMap":{"1":{"start":{"line":14,"column":4},"end":{"line":14,"column":38}}},"branchMap":{}},"contracts/RefundVault.sol":{"l":{"30":2,"31":2,"32":2,"39":6,"40":6,"44":1,"45":1,"46":1,"47":1,"51":1,"52":1,"53":1,"60":2,"61":2,"62":2,"63":2,"64":2},"path":"/home/abhi_21094/Projects/aca-audit/contracts/RefundVault.sol","s":{"1":2,"2":2,"3":2,"4":6,"5":6,"6":1,"7":1,"8":1,"9":1,"10":1,"11":1,"12":2,"13":2,"14":2,"15":2},"b":{"1":[2,0],"2":[6,0],"3":[1,0],"4":[1,0],"5":[2,0]},"f":{"1":2,"2":6,"3":1,"4":1,"5":2},"fnMap":{"1":{"name":"RefundVault","line":29,"loc":{"start":{"line":29,"column":2},"end":{"line":29,"column":46}}},"2":{"name":"deposit","line":38,"loc":{"start":{"line":38,"column":2},"end":{"line":38,"column":61}}},"3":{"name":"close","line":43,"loc":{"start":{"line":43,"column":2},"end":{"line":43,"column":35}}},"4":{"name":"enableRefunds","line":50,"loc":{"start":{"line":50,"column":2},"end":{"line":50,"column":43}}},"5":{"name":"refund","line":59,"loc":{"start":{"line":59,"column":2},"end":{"line":59,"column":42}}}},"statementMap":{"1":{"start":{"line":30,"column":4},"end":{"line":30,"column":33}},"2":{"start":{"line":31,"column":4},"end":{"line":31,"column":19}},"3":{"start":{"line":32,"column":4},"end":{"line":32,"column":23}},"4":{"start":{"line":39,"column":4},"end":{"line":39,"column":33}},"5":{"start":{"line":40,"column":4},"end":{"line":40,"column":59}},"6":{"start":{"line":44,"column":4},"end":{"line":44,"column":33}},"7":{"start":{"line":45,"column":4},"end":{"line":45,"column":23}},"8":{"start":{"line":46,"column":4},"end":{"line":46,"column":11}},"9":{"start":{"line":51,"column":4},"end":{"line":51,"column":33}},"10":{"start":{"line":52,"column":4},"end":{"line":52,"column":26}},"11":{"start":{"line":53,"column":4
[...]
"10":{"start":{"line":44,"column":4},"end":{"line":44,"column":20}},"11":{"start":{"line":45,"column":4},"end":{"line":45,"column":17}},"12":{"start":{"line":46,"column":4},"end":{"line":46,"column":12}}},"branchMap":{"1":{"line":14,"type":"if","locations":[{"start":{"line":14,"column":4},"end":{"line":14,"column":4}},{"start":{"line":14,"column":4},"end":{"line":14,"column":4}}]},"2":{"line":18,"type":"if","locations":[{"start":{"line":18,"column":4},"end":{"line":18,"column":4}},{"start":{"line":18,"column":4},"end":{"line":18,"column":4}}]},"3":{"line":36,"type":"if","locations":[{"start":{"line":36,"column":4},"end":{"line":36,"column":4}},{"start":{"line":36,"column":4},"end":{"line":36,"column":4}}]},"4":{"line":45,"type":"if","locations":[{"start":{"line":45,"column":4},"end":{"line":45,"column":4}},{"start":{"line":45,"column":4},"end":{"line":45,"column":4}}]}}},"contracts/SampleERC20.sol":{"l":{"12":1,"13":0,"15":1,"16":1,"17":1,"25":0,"27":0,"34":1,"35":1,"42":3,"43":3,"44":3,"86":0,"95":1,"96":1,"99":1,"100":1,"102":1,"111":6,"135":0,"136":0,"137":0,"139":0,"140":0,"141":0,"143":0,"158":0,"159":0,"161":0,"171":0,"185":0,"187":0,"201":0,"202":0,"203":0,"205":0,"208":0,"230":1,"237":1,"238":1,"246":0,"248":0,"261":1,"265":0,"269":0,"273":0,"277":0,"284":1,"285":1,"286":1,"287":1,"289":1,"301":1,"302":1},"path":"/home/abhi_21094/Projects/aca-audit/contracts/SampleERC20.sol","s":{"1":1,"2":0,"3":1,"4":1,"5":1,"6":0,"7":0,"8":1,"9":1,"10":3,"11":3,"12":3,"13":0,"14":1,"15":1,"16":1,"17":1,"18":1,"19":1,"20":6,"21":0,"22":0,"23":0,"24":0,"25":0,"26":0,"27":0,"28":0,"29":0,"30":0,"31":0,"32":0,"33":0,"34":0,"35":0,"36":0,"37":0,"38":0,"39":0,"40":0,"41":0,"42":0,"43":1,"44":1,"45":0,"46":0,"47":0,"48":1,"49":0,"50":0,"51":0,"52":0,"53":1,"54":1,"55":1,"56":1,"57":1,"58":1,"59":1,"60":1},"b":{"1":[0,1],"2":[1,0],"3":[1,0],"4":[3,0],"5":[1,0],"6":[1,0],"7":[0,0],"8":[0,0],"9":[0,0],"10":[0,0],"11":[0,0],"12":[1,0],"13":[0,0],"14":[1,0],"15":[1,0]},"f":{"1":1,"2":0,"3":1,"4":3,"5":0,"6":1,"7":6,"8":0,"9":0,"10":0,"11":0,"12":0,"13":1,"14":1,"15":0,"16":1,"17":0,"18":0,"19":0,"20":0,"21":1,"22":1},"fnMap":{"1":{"name":"mul","line":11,"loc":{"start":{"line":11,"column":2},"end":{"line":11,"column":68}}},"2":{"name":"div","line":23,"loc":{"start":{"line":23,"column":2},"end":{"line":23,"column":68}}},"3":{"name":"sub","line":33,"loc":{"start":{"line":33,"column":2},"end":{"line":33,"column":68}}},"4":{"name":"add","line":41,"loc":{"start":{"line":41,"column":2},"end":{"line":41,"column":68}}},"5":{"name":"totalSupply","line":85,"loc":{"start":{"line":85,"column":2},"end":{"line":85,"column":54}}},"6":{"name":"transfer","line":94,"loc":{"start":{"line":94,"column":2},"end":{"line":94,"column":70}}},"7":{"name":"balanceOf","line":110,"loc":{"start":{"line":110,"column":2},"end":{"line":110,"column":74}}},"8":{"name":"transferFrom","line":134,"loc":{"start":{"line":134,"column":2},"end":{"line":134,"column":89}}},"9":{"name":"approve","line":156,"loc":{"start":{"line":156,"column":2},"end":{"line":156,"column":74}}},"10":{"name":"allowance","line":170,"loc":{"start":{"line":170,"column":2},"end":{"line":170,"column":84}}},"11":{"name":"increaseApproval","line":184,"loc":{"start":{"line":184,"column":2},"end":{"line":184,"column":85}}},"12":{"name":"decreaseApproval","line":200,"loc":{"start":{"line":200,"column":2},"end":{"line":200,"column":90}}},"13":{"name":"Ownable","line":229,"loc":{"start":{"line":229,"column":0},"end":{"line":229,"column":27}}},"14":{"name":"onlyOwner","line":236,"loc":{"start":{"line":236,"column":2},"end":{"line":236,"column":22}}},"15":{"name":"transferOwnership","line":245,"loc":{"start":{"line":245,"column":2},"end":{"line":245,"column":63}}},"16":{"name":"transfer","line":260,"loc":{"start":{"line":260,"column":2},"end":{"line":260,"column":70}}},"17":{"name":"transferFrom","line":264,"loc":{"start":{"line":264,"column":2},"end":{"line":264,"column":89}}},"18":{"name":"approve","line":268,"loc":{"start":{"line":268,"column":2},"end":{"line":268,"column":74}}},"19":{"name":"increaseApproval","line":272,"loc":{"start":{"line":272,"column":2},"end":{"line":272,"column":93}}},"20":{"name":"decreaseApproval","line":276,"loc":{"start":{"line":276,"column":2},"end":{"line":276,"column":98}}},"21":{"name":"releaseTokens","line":282,"loc":{"start":{"line":282,"column":2},"end":{"line":283,"column":3}}},"22":{"name":"SampleERC20","line":299,"loc":{"start":{"line":299,"column":2},"end":{"line":300,"column":3}}}},"statementMap":{"1":{"start":{"line":12,"column":4},"end":{"line":12,"column":279}},"2":{"start":{"line":13,"column":6},"end":{"line":13,"column":14}},"3":{"start":{"line":15,"column":4},"end":{"line":15,"column":20}},"4":{"start":{"line":16,"column":4},"end":{"line":16,"column":21}},"5":{"start":{"line":17,"column":4},"end":{"line":17,"column":12}},"6":{"start":{"line":25,"column":4},"end":{"line":25,"column":20}},"7":{"start":{"line":27,"column":4},"end":{"line":27,"column":12}},"8":{"start":{"line":34,"column":4},"end":{"line":34,"column":17}},"9":{"start":{"line":35,"column":4},"end":{"line":35,"column":16}},"10":{"start":{"line":42,"column":4},"end":{"line":42,"column":20}},"11":{"start":{"line":43,"column":4},"end":{"line":43,"column":17}},"12":{"start":{"line":44,"column":4},"end":{"line":44,"column":12}},"13":{"start":{"line":86,"column":4},"end":{"line":86,"column":23}},"14":{"start":{"line":95,"column":4},"end":{"line":95,"column":29}},"15":{"start":{"line":96,"column":4},"end":{"line":96,"column":42}},"16":{"start":{"line":99,"column":4},"end":{"line":99,"column":58}},"17":{"start":{"line":100,"column":4},"end":{"line":100,"column":44}},"18":{"start":{"line":101,"column":9},"end":{"line":101,"column":41}},"19":{"start":{"line":102,"column":4},"end":{"line":102,"column":15}},"20":{"start":{"line":111,"column":4},"end":{"line":111,"column":27}},"21":{"start":{"line":135,"column":4},"end":{"line":135,"column":29}},"22":{"start":{"line":136,"column":4},"end":{"line":136,"column":37}},"23":{"start":{"line":137,"column":4},"end":{"line":137,"column":48}},"24":{"start":{"line":139,"column":4},"end":{"line":139,"column":48}},"25":{"start":{"line":140,"column":4},"end":{"line":140,"column":44}},"26":{"start":{"line":141,"column":4},"end":{"line":141,"column":70}},"27":{"start":{"line":142,"column":9},"end":{"line":142,"column":36}},"28":{"start":{"line":143,"column":4},"end":{"line":143,"column":15}},"29":{"start":{"line":158,"column":4},"end":{"line":158,"column":34}},"30":{"start":{"line":159,"column":4},"end":{"line":159,"column":41}},"31":{"start":{"line":160,"column":9},"end":{"line":160,"column":46}},"32":{"start":{"line":161,"column":4},"end":{"line":161,"column":15}},"33":{"start":{"line":171,"column":4},"end":{"line":171,"column":36}},"34":{"start":{"line":185,"column":4},"end":{"line":185,"column":81}},"35":{"start":{"line":186,"column":9},"end":{"line":186,"column":69}},"36":{"start":{"line":187,"column":4},"end":{"line":187,"column":15}},"37":{"start":{"line":201,"column":4},"end":{"line":201,"column":48}},"38":{"start":{"line":202,"column":4},"end":{"line":202,"column":6964}},"39":{"start":{"line":203,"column":6},"end":{"line":203,"column":38}},"40":{"start":{"line":205,"column":6},"end":{"line":205,"column":67}},"41":{"start":{"line":207,"column":9},"end":{"line":207,"column":69}},"42":{"start":{"line":208,"column":4},"end":{"line":208,"column":15}},"43":{"start":{"line":230,"column":4},"end":{"line":230,"column":21}},"44":{"start":{"line":237,"column":4},"end":{"line":237,"column":31}},"45":{"start":{"line":246,"column":4},"end":{"line":246,"column":34}},"46":{"start":{"line":247,"column":9},"end":{"line":247,"column":45}},"47":{"start":{"line":248,"column":4},"end":{"line":248,"column":19}},"48":{"start":{"line":261,"column":4},"end":{"line":261,"column":38}},"49":{"start":{"line":265,"column":4},"end":{"line":265,"column":49}},"50":{"start":{"line":269,"column":4},"end":{"line":269,"column":42}},"51":{"start":{"line":273,"column":4},"end":{"line":273,"column":56}},"52":{"start":{"line":277,"column":4},"end":{"line":277,"column":61}},"53":{"start":{"line":284,"column":4},"end":{"line":284,"column":37}},"54":{"start":{"line":285,"column":4},"end":{"line":285,"column":62}},"55":{"start":{"line":286,"column":4},"end":{"line":286,"column":42}},"56":{"start":{"line":287,"column":4},"end":{"line":287,"column":39}},"57":{"start":{"line":288,"column":9},"end":{"line":288,"column":53}},"58":{"start":{"line":289,"column":4},"end":{"line":289,"column":15}},"59":{"start":{"line":301,"column":4},"end":{"line":301,"column":35}},"60":{"start":{"line":302,"column":4},"end":{"line":302,"column":20}}},"branchMap":{"1":{"line":12,"type":"if","locations":[{"start":{"line":12,"column":4},"end":{"line":12,"column":4}},{"start":{"line":12,"column":4},"end":{"line":12,"column":4}}]},"2":{"line":16,"type":"if","locations":[{"start":{"line":16,"column":4},"end":{"line":16,"column":4}},{"start":{"line":16,"column":4},"end":{"line":16,"column":4}}]},"3":{"line":34,"type":"if","locations":[{"start":{"line":34,"column":4},"end":{"line":34,"column":4}},{"start":{"line":34,"column":4},"end":{"line":34,"column":4}}]},"4":{"line":43,"type":"if","locations":[{"start":{"line":43,"column":4},"end":{"line":43,"column":4}},{"start":{"line":43,"column":4},"end":{"line":43,"column":4}}]},"5":{"line":95,"type":"if","locations":[{"start":{"line":95,"column":4},"end":{"line":95,"column":4}},{"start":{"line":95,"column":4},"end":{"line":95,"column":4}}]},"6":{"line":96,"type":"if","locations":[{"start":{"line":96,"column":4},"end":{"line":96,"column":4}},{"start":{"line":96,"column":4},"end":{"line":96,"column":4}}]},"7":{"line":135,"type":"if","locations":[{"start":{"line":135,"column":4},"end":{"line":135,"column":4}},{"start":{"line":135,"column":4},"end":{"line":135,"column":4}}]},"8":{"line":136,"type":"if","locations":[{"start":{"line":136,"column":4},"end":{"line":136,"column":4}},{"start":{"line":136,"column":4},"end":{"line":136,"column":4}}]},"9":{"line":137,"type":"if","locations":[{"start":{"line":137,"column":4},"end":{"line":137,"column":4}},{"start":{"line":137,"column":4},"end":{"line":137,"column":4}}]},"10":{"line":158,"type":"if","locations":[{"start":{"line":158,"column":4},"end":{"line":158,"column":4}},{"start":{"line":158,"column":4},"end":{"line":158,"column":4}}]},"11":{"line":202,"type":"if","locations":[{"start":{"line":202,"column":4},"end":{"line":202,"column":4}},{"start":{"line":202,"column":4},"end":{"line":202,"column":4}}]},"12":{"line":237,"type":"if","locations":[{"start":{"line":237,"column":4},"end":{"line":237,"column":4}},{"start":{"line":237,"column":4},"end":{"line":237,"column":4}}]},"13":{"line":246,"type":"if","locations":[{"start":{"line":246,"column":4},"end":{"line":246,"column":4}},{"start":{"line":246,"column":4},"end":{"line":246,"column":4}}]},"14":{"line":287,"type":"if","locations":[{"start":{"line":287,"column":4},"end":{"line":287,"column":4}},{"start":{"line":287,"column":4},"end":{"line":287,"column":4}}]},"15":{"line":301,"type":"if","locations":[{"start":{"line":301,"column":4},"end":{"line":301,"column":4}},{"start":{"line":301,"column":4},"end":{"line":301,"column":4}}]}}},"contracts/StandardToken.sol":{"l":{"26":0,"27":0,"28":0,"30":0,"31":0,"32":0,"33":0,"34":0,"48":0,"49":0,"50":0,"60":0,"74":0,"75":0,"76":0,"90":0,"91":0,"92":0,"94":0,"96":0,"97":0},"path":"/home/abhi_21094/Projects/aca-audit/contracts/StandardToken.sol","s":{"1":0,"2":0,"3":0,"4":0,"5":0,"6":0,"7":0,"8":0,"9":0,"10":0,"11":0,"12":0,"13":0,"14":0,"15":0,"16":0,"17":0,"18":0,"19":0,"20":0,"21":0},"b":{"1":[0,0],"2":[0,0],"3":[0,0],"4":[0,0]},"f":{"1":0,"2":0,"3":0,"4":0,"5":0},"fnMap":{"1":{"name":"transferFrom","line":25,"loc":{"start":{"line":25,"column":2},"end":{"line":25,"column":89}}},"2":{"name":"approve","line":47,"loc":{"start":{"line":47,"column":2},"end":{"line":47,"column":74}}},"3":{"name":"allowance","line":59,"loc":{"start":{"line":59,"column":2},"end":{"line":59,"column":84}}},"4":{"name":"increaseApproval","line":73,"loc":{"start":{"line":73,"column":2},"end":{"line":73,"column":85}}},"5":{"name":"decreaseApproval","line":89,"loc":{"start":{"line":89,"column":2},"end":{"line":89,"column":90}}}},"statementMap":{"1":{"start":{"line":26,"column":4},"end":{"line":26,"column":29}},"2":{"start":{"line":27,"column":4},"end":{"line":27,"column":37}},"3":{"start":{"line":28,"column":4},"end":{"line":28,"column":48}},"4":{"start":{"line":30,"column":4},"end":{"line":30,"column":48}},"5":{"start":{"line":31,"column":4},"end":{"line":31,"column":44}},"6":{"start":{"line":32,"column":4},"end":{"line":32,"column":70}},"7":{"start":{"line":33,"column":4},"end":{"line":33,"column":31}},"8":{"start":{"line":34,"column":4},"end":{"line":34,"column":15}},"9":{"start":{"line":48,"column":4},"end":{"line":48,"column":41}},"10":{"start":{"line":49,"column":4},"end":{"line":49,"column":41}},"11":{"start":{"line":50,"column":4},"end":{"line":50,"column":15}},"12":{"start":{"line":60,"column":4},"end":{"line":60,"column":36}},"13":{"start":{"line":74,"column":4},"end":{"line":74,"column":81}},"14":{"start":{"line":75,"column":4},"end":{"line":75,"column":64}},"15":{"start":{"line":76,"column":4},"end":{"line":76,"column":15}},"16":{"start":{"line":90,"column":4},"end":{"line":90,"column":48}},"17":{"start":{"line":91,"column":4},"end":{"line":91,"column":3753}},"18":{"start":{"line":92,"column":6},"end":{"line":92,"column":38}},"19":{"start":{"line":94,"column":6},"end":{"line":94,"column":67}},"20":{"start":{"line":96,"column":4},"end":{"line":96,"column":64}},"21":{"start":{"line":97,"column":4},"end":{"line":97,"column":15}}},"branchMap":{"1":{"line":26,"type":"if","locations":[{"start":{"line":26,"column":4},"end":{"line":26,"column":4}},{"start":{"line":26,"column":4},"end":{"line":26,"column":4}}]},"2":{"line":27,"type":"if","locations":[{"start":{"line":27,"column":4},"end":{"line":27,"column":4}},{"start":{"line":27,"column":4},"end":{"line":27,"column":4}}]},"3":{"line":28,"type":"if","locations":[{"start":{"line":28,"column":4},"end":{"line":28,"column":4}},{"start":{"line":28,"column":4},"end":{"line":28,"column":4}}]},"4":{"line":91,"type":"if","locations":[{"start":{"line":91,"column":4},"end":{"line":91,"column":4}},{"start":{"line":91,"column":4},"end":{"line":91,"column":4}}]}}},"contracts/TokenTimeLock.sol":{"l":{"24":0,"25":0,"26":0,"27":0,"34":0,"36":0,"37":0,"39":0},"path":"/home/abhi_21094/Projects/aca-audit/contracts/TokenTimeLock.sol","s":{"1":0,"2":0,"3":0,"4":0,"5":0,"6":0,"7":0},"b":{"1":[0,0],"2":[0,0],"3":[0,0]},"f":{"1":0,"2":0},"fnMap":{"1":{"name":"TokenTimelock","line":23,"loc":{"start":{"line":23,"column":2},"end":{"line":23,"column":94}}},"2":{"name":"release","line":33,"loc":{"start":{"line":33,"column":2},"end":{"line":33,"column":27}}}},"statementMap":{"1":{"start":{"line":24,"column":4},"end":{"line":24,"column":30}},"2":{"start":{"line":25,"column":4},"end":{"line":25,"column":17}},"3":{"start":{"line":26,"column":4},"end":{"line":26,"column":29}},"4":{"start":{"line":27,"column":4},"end":{"line":27,"column":29}},"5":{"start":{"line":34,"column":4},"end":{"line":34,"column":30}},"6":{"start":{"line":36,"column":4},"end":{"line":36,"column":41}},"7":{"start":{"line":37,"column":4},"end":{"line":37,"column":22}}},"branchMap":{"1":{"line":24,"type":"if","locations":[{"start":{"line":24,"column":4},"end":{"line":24,"column":4}},{"start":{"line":24,"column":4},"end":{"line":24,"column":4}}]},"2":{"line":34,"type":"if","locations":[{"start":{"line":34,"column":4},"end":{"line":34,"column":4}},{"start":{"line":34,"column":4},"end":{"line":34,"column":4}}]},"3":{"line":37,"type":"if","locations":[{"start":{"line":37,"column":4},"end":{"line":37,"column":4}},{"start":{"line":37,"column":4},"end":{"line":37,"column":4}}]}}},"contracts/TokenVesting.sol":{"l":{"44":0,"45":0,"47":0,"48":0,"49":0,"50":0,"51":0,"59":0,"61":0,"63":0,"65":0,"67":0,"76":0,"77":0,"79":0,"81":0,"82":0,"84":0,"86":0,"88":0,"96":0,"104":0,"105":0,"107":0,"108":0,"110":0,"112":0},"path":"/home/abhi_21094/Projects/aca-audit/contracts/TokenVesting.sol","s":{"1":0,"2":0,"3":0,"4":0,"5":0,"6":0,"7":0,"8":0,"9":0,"10":0,"11":0,"12":0,"13":0,"14":0,"15":0,"16":0,"17":0,"18":0,"19":0,"20":0,"21":0,"22":0,"23":0,"24":0,"25":0,"26":0},"b":{"1":[0,0],"2":[0,0],"3":[0,0],"4":[0,0],"5":[0,0],"6":[0,0],"7":[0,0]},"f":{"1":0,"2":0,"3":0,"4":0,"5":0},"fnMap":{"1":{"name":"TokenVesting","line":43,"loc":{"start":{"line":43,"column":2},"end":{"line":43,"column":120}}},"2":{"name":"release","line":58,"loc":{"start":{"line":58,"column":2},"end":{"line":58,"column":43}}},"3":{"name":"revoke","line":75,"loc":{"start":{"line":75,"column":2},"end":{"line":75,"column":52}}},"4":{"name":"releasableAmount","line":95,"loc":{"start":{"line":95,"column":2},"end":{"line":95,"column":75}}},"5":{"name":"vestedAmount","line":103,"loc":{"start":{"line":103,"column":2},"end":{"line":103,"column":71}}}},"statementMap":{"1":{"start":{"line":44,"column":4},"end":{"line":44,"column":38}},"2":{"start":{"line":45,"column":4},"end":{"line":45,"column":31}},"3":{"start":{"line":47,"column":4},"end":{"line":47,"column":29}},"4":{"start":{"line":48,"column":4},"end":{"line":48,"column":25}},"5":{"start":{"line":49,"column":4},"end":{"line":49,"column":23}},"6":{"start":{"line":50,"column":4},"end":{"line":50,"column":29}},"7":{"start":{"line":51,"column":4},"end":{"line":51,"column":17}},"8":{"start":{"line":59,"column":4},"end":{"line":59,"column":47}},"9":{"start":{"line":61,"column":4},"end":{"line":61,"column":26}},"10":{"start":{"line":63,"column":4},"end":{"line":63,"column":52}},"11":{"start":{"line":67,"column":4},"end":{"line":67,"column":23}},"12":{"start":{"line":76,"column":4},"end":{"line":76,"column":21}},"13":{"start":{"line":77,"column":4},"end":{"line":77,"column":27}},"14":{"start":{"line":79,"column":4},"end":{"line":79,"column":42}},"15":{"start":{"line":81,"column":4},"end":{"line":81,"column":47}},"16":{"start":{"line":82,"column":4},"end":{"line":82,"column":43}},"17":{"start":{"line":84,"column":4},"end":{"line":84,"column":24}},"18":{"start":{"line":88,"column":4},"end":{"line":88,"column":12}},"19":{"start":{"line":96,"column":4},"end":{"line":96,"column":51}},"20":{"start":{"line":104,"column":4},"end":{"line":104,"column":49}},"21":{"start":{"line":105,"column":4},"end":{"line":105,"column":61}},"22":{"start":{"line":107,"column":4},"end":{"line":107,"column":3198}},"23":{"start":{"line":108,"column":6},"end":{"line":108,"column":14}},"24":{"start":{"line":109,"column":11},"end":{"line":109,"column":3244}},"25":{"start":{"line":110,"column":6},"end":{"line":110,"column":25}},"26":{"start":{"line":112,"column":6},"end":{"line":112,"column":59}}},"branchMap":{"1":{"line":44,"type":"if","locations":[{"start":{"line":44,"column":4},"end":{"line":44,"column":4}},{"start":{"line":44,"column":4},"end":{"line":44,"column":4}}]},"2":{"line":45,"type":"if","locations":[{"start":{"line":45,"column":4},"end":{"line":45,"column":4}},{"start":{"line":45,"column":4},"end":{"line":45,"column":4}}]},"3":{"line":61,"type":"if","locations":[{"start":{"line":61,"column":4},"end":{"line":61,"column":4}},{"start":{"line":61,"column":4},"end":{"line":61,"column":4}}]},"4":{"line":76,"type":"if","locations":[{"start":{"line":76,"column":4},"end":{"line":76,"column":4}},{"start":{"line":76,"column":4},"end":{"line":76,"column":4}}]},"5":{"line":77,"type":"if","locations":[{"start":{"line":77,"column":4},"end":{"line":77,"column":4}},{"start":{"line":77,"column":4},"end":{"line":77,"column":4}}]},"6":{"line":107,"type":"if","locations":[{"start":{"line":107,"column":4},"end":{"line":107,"column":4}},{"start":{"line":107,"column":4},"end":{"line":107,"column":4}}]},"7":{"line":109,"type":"if","locations":[{"start":{"line":109,"column":11},"end":{"line":109,"column":11}},{"start":{"line":109,"column":11},"end":{"line":109,"column":11}}]}}}}