TN:
SF:/home/abhi_21094/Projects/aca-audit/contracts/ACAToken.sol
FN:34,onlyOwner
FN:39,onlyAdmin
FN:44,canTransfer
FN:56,ACAToken
FN:81,transferOwnership
FN:90,transferAdmin
FN:99,setTransferable
FN:103,isTransferable
FN:107,transferLock
FN:113,manageTransferLock
FN:119,transferAllowed
FN:124,totalSupply
FN:128,transfer
FN:138,balanceOf
FN:142,balanceOfOwner
FN:146,transferFrom
FN:157,approve
FN:163,allowance
FN:167,increaseApproval
FN:173,decreaseApproval
FN:184,burn
FN:195,emergencyERC20Drain
FNF:22
FNH:22
FNDA:3,onlyOwner
FNDA:4,onlyAdmin
FNDA:17,canTransfer
FNDA:3,ACAToken
FNDA:1,transferOwnership
FNDA:1,transferAdmin
FNDA:1,setTransferable
FNDA:4,isTransferable
FNDA:1,transferLock
FNDA:2,manageTransferLock
FNDA:7,transferAllowed
FNDA:6,totalSupply
FNDA:1,transfer
FNDA:20,balanceOf
FNDA:1,balanceOfOwner
FNDA:8,transferFrom
FNDA:4,approve
FNDA:9,allowance
FNDA:1,increaseApproval
FNDA:1,decreaseApproval
FNDA:2,burn
FNDA:1,emergencyERC20Drain
DA:35,3
DA:36,3
DA:40,4
DA:41,3
DA:45,17
DA:46,17
DA:48,17
DA:49,7
DA:50,6
DA:52,15
DA:57,3
DA:58,3
DA:59,3
DA:60,3
DA:61,3
DA:63,3
DA:64,3
DA:65,3
DA:67,3
DA:69,3
DA:70,3
DA:72,3
DA:74,3
DA:75,3
DA:82,1
DA:83,1
DA:84,1
DA:86,1
DA:91,1
DA:92,1
DA:93,1
DA:95,1
DA:100,1
DA:104,4
DA:108,1
DA:110,1
DA:114,2
DA:116,2
DA:120,7
DA:125,6
DA:129,1
DA:132,1
DA:133,1
DA:135,1
DA:139,20
DA:143,1
DA:147,8
DA:148,8
DA:150,8
DA:151,8
DA:152,8
DA:154,8
DA:158,4
DA:160,4
DA:164,9
DA:168,1
DA:170,1
DA:174,1
DA:175,1
DA:176,0
DA:178,1
DA:181,1
DA:185,2
DA:189,1
DA:190,1
DA:191,1
DA:196,1
LF:67
LH:66
BRDA:35,1,0,3
BRDA:35,1,1,0
BRDA:40,2,0,3
BRDA:40,2,1,1
BRDA:45,3,0,17
BRDA:45,3,1,0
BRDA:46,4,0,17
BRDA:46,4,1,0
BRDA:48,5,0,7
BRDA:48,5,1,10
BRDA:49,6,0,6
BRDA:49,6,1,1
BRDA:50,7,0,5
BRDA:50,7,1,1
BRDA:57,8,0,3
BRDA:57,8,1,0
BRDA:59,9,0,3
BRDA:59,9,1,0
BRDA:60,10,0,3
BRDA:60,10,1,0
BRDA:61,11,0,3
BRDA:61,11,1,0
BRDA:63,12,0,3
BRDA:63,12,1,0
BRDA:64,13,0,3
BRDA:64,13,1,0
BRDA:65,14,0,3
BRDA:65,14,1,0
BRDA:67,15,0,3
BRDA:67,15,1,0
BRDA:82,16,0,1
BRDA:82,16,1,0
BRDA:83,17,0,1
BRDA:83,17,1,0
BRDA:84,18,0,1
BRDA:84,18,1,0
BRDA:91,19,0,1
BRDA:91,19,1,0
BRDA:92,20,0,1
BRDA:92,20,1,0
BRDA:93,21,0,1
BRDA:93,21,1,0
BRDA:129,22,0,1
BRDA:129,22,1,0
BRDA:147,23,0,8
BRDA:147,23,1,0
BRDA:148,24,0,8
BRDA:148,24,1,0
BRDA:175,25,0,0
BRDA:175,25,1,1
BRDA:185,26,0,1
BRDA:185,26,1,1
BRF:52
BRH:31
end_of_record
TN:
SF:/home/abhi_21094/Projects/aca-audit/contracts/ACATokenSale.sol
FN:89,onlyOwner
FN:94,onlyAdmin
FN:99,onlyWhileOpen
FN:105,isVerified
FN:111,claimable
FN:118,isEnabled
FN:122,isClosed
FN:126,isGoalReached
FN:130,getTotalTokenSold
FN:139,getOpeningTime
FN:143,getOpeningTimeByStage
FN:148,getClosingTime
FN:152,getClosingTimeByStage
FN:157,getCurrentCapacity
FN:161,getCapacity
FN:166,getCurrentSold
FN:170,getSold
FN:175,getCurrentRate
FN:179,getRate
FN:184,getRateWithoutBonus
FN:188,getSales
FN:193,setSalePeriod
FN:204,setRate
FN:213,setCapacity
FN:222,setClaimable
FN:230,addPrivateSale
FN:238,subPrivateSale
FN:247,setAdmin
FN:256,transferOwnership
FN:264,ACATokenSale
FN:290,setupBounty
FN:320,addStage
FN:352,setToken
FN:356,enableTokenSale
FN:366,updateStage
FN:386,finalize
FN:396,finalization
FN:406,
FN:410,buyTokens
FN:428,_getTokenAmount
FN:432,_getTokenAmountWithoutBonus
FN:436,_preValidatePurchase
FN:458,_postValidatePurchase
FN:465,_deliverTokens
FN:474,_processPurchase
FN:517,_updatePurchasingState
FN:521,_forwardFunds
FN:526,claimToken
FN:536,claimRefund
FN:543,claimBountyToken
FN:554,addBounty
FN:561,delBounty
FN:569,getBountyAmount
FN:574,addReferral
FN:577,delReferral
FN:580,getReferral
FN:585,_deliverWhitelistBonus
FN:602,isAccountWhitelisted
FN:606,addToWhitelist
FN:616,addManyToWhitelist
FN:633,removeFromWhitelist
FN:640,isAccountVerified
FN:644,setAccountVerified
FN:650,setManyAccountsVerified
FN:658,unverifyAccount
FNF:65
FNH:62
FNDA:32,onlyOwner
FNDA:23,onlyAdmin
FNDA:0,onlyWhileOpen
FNDA:20,isVerified
FNDA:5,claimable
FNDA:1,isEnabled
FNDA:2,isClosed
FNDA:12,isGoalReached
FNDA:18,getTotalTokenSold
FNDA:2,getOpeningTime
FNDA:1,getOpeningTimeByStage
FNDA:2,getClosingTime
FNDA:1,getClosingTimeByStage
FNDA:8,getCurrentCapacity
FNDA:5,getCapacity
FNDA:8,getCurrentSold
FNDA:2,getSold
FNDA:12,getCurrentRate
FNDA:1,getRate
FNDA:4,getRateWithoutBonus
FNDA:4,getSales
FNDA:2,setSalePeriod
FNDA:2,setRate
FNDA:2,setCapacity
FNDA:1,setClaimable
FNDA:4,addPrivateSale
FNDA:2,subPrivateSale
FNDA:1,setAdmin
FNDA:1,transferOwnership
FNDA:2,ACATokenSale
FNDA:2,setupBounty
FNDA:5,addStage
FNDA:2,setToken
FNDA:2,enableTokenSale
FNDA:8,updateStage
FNDA:3,finalize
FNDA:2,finalization
FNDA:0,
FNDA:7,buyTokens
FNDA:12,_getTokenAmount
FNDA:4,_getTokenAmountWithoutBonus
FNDA:6,_preValidatePurchase
FNDA:6,_postValidatePurchase
FNDA:14,_deliverTokens
FNDA:6,_processPurchase
FNDA:6,_updatePurchasingState
FNDA:6,_forwardFunds
FNDA:3,claimToken
FNDA:2,claimRefund
FNDA:1,claimBountyToken
FNDA:1,addBounty
FNDA:1,delBounty
FNDA:1,getBountyAmount
FNDA:2,addReferral
FNDA:0,delReferral
FNDA:4,getReferral
FNDA:2,_deliverWhitelistBonus
FNDA:21,isAccountWhitelisted
FNDA:4,addToWhitelist
FNDA:2,addManyToWhitelist
FNDA:2,removeFromWhitelist
FNDA:29,isAccountVerified
FNDA:4,setAccountVerified
FNDA:2,setManyAccountsVerified
FNDA:2,unverifyAccount
DA:90,32
DA:91,29
DA:95,23
DA:96,20
DA:100,0
DA:101,0
DA:102,0
DA:106,20
DA:107,18
DA:108,18
DA:112,5
DA:113,5
DA:114,5
DA:119,1
DA:123,2
DA:127,12
DA:131,18
DA:132,18
DA:133,43
DA:136,18
DA:140,2
DA:144,1
DA:145,1
DA:149,2
DA:153,1
DA:154,1
DA:158,8
DA:162,5
DA:163,5
DA:167,8
DA:171,2
DA:172,2
DA:176,12
DA:180,1
DA:181,1
DA:185,4
DA:189,4
DA:194,2
DA:195,2
DA:197,2
DA:198,2
DA:200,2
DA:201,2
DA:205,2
DA:206,2
DA:208,2
DA:210,2
DA:214,2
DA:215,2
DA:217,2
DA:219,2
DA:223,1
DA:224,1
DA:227,1
DA:231,4
DA:232,4
DA:233,4
DA:235,4
DA:239,2
DA:240,2
DA:241,2
DA:243,2
DA:248,1
DA:249,1
DA:250,1
DA:253,1
DA:257,1
DA:258,1
DA:260,1
DA:270,2
DA:272,2
DA:273,2
DA:275,2
DA:276,2
DA:277,2
DA:279,2
DA:280,2
DA:282,2
DA:283,2
DA:284,2
DA:300,2
DA:302,2
DA:303,2
DA:305,2
DA:306,2
DA:307,2
DA:308,2
DA:310,2
DA:311,2
DA:312,2
DA:313,2
DA:314,2
DA:315,2
DA:316,2
DA:327,5
DA:330,5
DA:332,5
DA:333,5
DA:335,5
DA:336,5
DA:338,5
DA:340,5
DA:341,5
DA:342,5
DA:343,3
DA:344,3
DA:347,5
DA:353,2
DA:357,2
DA:359,2
DA:361,2
DA:363,2
DA:367,8
DA:368,8
DA:369,8
DA:371,8
DA:372,8
DA:373,4
DA:374,4
DA:375,3
DA:376,3
DA:379,4
DA:383,8
DA:387,3
DA:388,2
DA:390,2
DA:393,2
DA:397,2
DA:398,1
DA:400,1
DA:407,0
DA:411,7
DA:413,7
DA:415,6
DA:417,6
DA:419,6
DA:422,6
DA:424,6
DA:425,6
DA:429,12
DA:433,4
DA:437,6
DA:438,6
DA:440,6
DA:442,6
DA:445,6
DA:447,6
DA:448,6
DA:450,6
DA:451,6
DA:453,6
DA:455,6
DA:459,6
DA:460,0
DA:466,14
DA:467,3
DA:470,11
DA:476,6
DA:477,6
DA:479,6
DA:480,6
DA:481,6
DA:482,4
DA:483,4
DA:484,4
DA:485,4
DA:486,4
DA:487,0
DA:490,4
DA:491,0
DA:492,0
DA:494,0
DA:496,4
DA:497,0
DA:499,0
DA:502,4
DA:503,4
DA:505,4
DA:506,4
DA:509,4
DA:510,4
DA:522,6
DA:527,3
DA:528,3
DA:532,3
DA:533,3
DA:537,2
DA:538,2
DA:540,2
DA:544,1
DA:545,1
DA:549,1
DA:550,1
DA:555,1
DA:557,1
DA:558,1
DA:562,1
DA:563,1
DA:565,1
DA:566,1
DA:570,1
DA:575,2
DA:578,0
DA:581,4
DA:586,2
DA:587,0
DA:590,2
DA:591,0
DA:594,2
DA:595,2
DA:597,2
DA:598,2
DA:603,21
DA:607,4
DA:609,4
DA:610,2
DA:617,2
DA:618,2
DA:619,0
DA:620,0
DA:621,0
DA:623,0
DA:626,2
DA:627,6
DA:634,2
DA:641,29
DA:645,4
DA:651,2
DA:652,6
DA:659,2
LF:230
LH:212
BRDA:90,1,0,29
BRDA:90,1,1,3
BRDA:95,2,0,20
BRDA:95,2,1,3
BRDA:100,3,0,0
BRDA:100,3,1,0
BRDA:101,4,0,0
BRDA:101,4,1,0
BRDA:106,5,0,18
BRDA:106,5,1,2
BRDA:107,6,0,18
BRDA:107,6,1,0
BRDA:112,7,0,5
BRDA:112,7,1,0
BRDA:113,8,0,5
BRDA:113,8,1,0
BRDA:144,9,0,1
BRDA:144,9,1,0
BRDA:153,10,0,1
BRDA:153,10,1,0
BRDA:162,11,0,5
BRDA:162,11,1,0
BRDA:171,12,0,2
BRDA:171,12,1,0
BRDA:180,13,0,1
BRDA:180,13,1,0
BRDA:194,14,0,2
BRDA:194,14,1,0
BRDA:195,15,0,2
BRDA:195,15,1,0
BRDA:197,16,0,2
BRDA:197,16,1,0
BRDA:198,17,0,2
BRDA:198,17,1,0
BRDA:205,18,0,2
BRDA:205,18,1,0
BRDA:206,19,0,2
BRDA:206,19,1,0
BRDA:208,20,0,2
BRDA:208,20,1,0
BRDA:214,21,0,2
BRDA:214,21,1,0
BRDA:215,22,0,2
BRDA:215,22,1,0
BRDA:217,23,0,2
BRDA:217,23,1,0
BRDA:223,24,0,1
BRDA:223,24,1,0
BRDA:224,25,0,1
BRDA:224,25,1,0
BRDA:231,26,0,4
BRDA:231,26,1,0
BRDA:232,27,0,4
BRDA:232,27,1,0
BRDA:233,28,0,4
BRDA:233,28,1,0
BRDA:239,29,0,2
BRDA:239,29,1,0
BRDA:240,30,0,2
BRDA:240,30,1,0
BRDA:241,31,0,2
BRDA:241,31,1,0
BRDA:248,32,0,1
BRDA:248,32,1,0
BRDA:249,33,0,1
BRDA:249,33,1,0
BRDA:250,34,0,1
BRDA:250,34,1,0
BRDA:257,35,0,1
BRDA:257,35,1,0
BRDA:258,36,0,1
BRDA:258,36,1,0
BRDA:272,37,0,2
BRDA:272,37,1,0
BRDA:273,38,0,2
BRDA:273,38,1,0
BRDA:275,39,0,2
BRDA:275,39,1,0
BRDA:276,40,0,2
BRDA:276,40,1,0
BRDA:277,41,0,2
BRDA:277,41,1,0
BRDA:300,42,0,2
BRDA:300,42,1,0
BRDA:302,43,0,2
BRDA:302,43,1,0
BRDA:303,44,0,2
BRDA:303,44,1,0
BRDA:305,45,0,2
BRDA:305,45,1,0
BRDA:306,46,0,2
BRDA:306,46,1,0
BRDA:307,47,0,2
BRDA:307,47,1,0
BRDA:308,48,0,2
BRDA:308,48,1,0
BRDA:327,49,0,5
BRDA:327,49,1,0
BRDA:330,50,0,5
BRDA:330,50,1,0
BRDA:332,51,0,5
BRDA:332,51,1,0
BRDA:333,52,0,5
BRDA:333,52,1,0
BRDA:335,53,0,5
BRDA:335,53,1,0
BRDA:336,54,0,5
BRDA:336,54,1,0
BRDA:338,55,0,5
BRDA:338,55,1,0
BRDA:340,56,0,5
BRDA:340,56,1,0
BRDA:341,57,0,5
BRDA:341,57,1,0
BRDA:342,58,0,3
BRDA:342,58,1,2
BRDA:344,59,0,3
BRDA:344,59,1,0
BRDA:357,60,0,2
BRDA:357,60,1,0
BRDA:367,61,0,8
BRDA:367,61,1,0
BRDA:368,62,0,8
BRDA:368,62,1,0
BRDA:369,63,0,8
BRDA:369,63,1,0
BRDA:372,64,0,4
BRDA:372,64,1,4
BRDA:374,65,0,3
BRDA:374,65,1,1
BRDA:387,66,0,2
BRDA:387,66,1,1
BRDA:388,67,0,2
BRDA:388,67,1,0
BRDA:397,68,0,1
BRDA:397,68,1,1
BRDA:437,69,0,6
BRDA:437,69,1,0
BRDA:438,70,0,6
BRDA:438,70,1,0
BRDA:440,71,0,6
BRDA:440,71,1,0
BRDA:442,72,0,6
BRDA:442,72,1,0
BRDA:447,73,0,6
BRDA:447,73,1,0
BRDA:448,74,0,6
BRDA:448,74,1,0
BRDA:450,75,0,6
BRDA:450,75,1,0
BRDA:451,76,0,6
BRDA:451,76,1,0
BRDA:455,77,0,6
BRDA:455,77,1,0
BRDA:459,78,0,0
BRDA:459,78,1,6
BRDA:466,79,0,3
BRDA:466,79,1,11
BRDA:481,80,0,4
BRDA:481,80,1,2
BRDA:486,81,0,0
BRDA:486,81,1,4
BRDA:490,82,0,0
BRDA:490,82,1,4
BRDA:496,83,0,0
BRDA:496,83,1,4
BRDA:505,84,0,4
BRDA:505,84,1,0
BRDA:509,85,0,4
BRDA:509,85,1,0
BRDA:537,86,0,2
BRDA:537,86,1,0
BRDA:538,87,0,2
BRDA:538,87,1,0
BRDA:555,88,0,1
BRDA:555,88,1,0
BRDA:562,89,0,1
BRDA:562,89,1,0
BRDA:563,90,0,1
BRDA:563,90,1,0
BRDA:586,91,0,0
BRDA:586,91,1,2
BRDA:590,92,0,0
BRDA:590,92,1,2
BRDA:594,93,0,2
BRDA:594,93,1,0
BRDA:609,94,0,2
BRDA:609,94,1,2
BRDA:618,95,0,0
BRDA:618,95,1,2
BRF:190
BRH:104
end_of_record
TN:
SF:/home/abhi_21094/Projects/aca-audit/contracts/BasicToken.sol
FN:22,totalSupply
FN:31,transfer
FN:47,balanceOf
FNF:3
FNH:0
FNDA:0,totalSupply
FNDA:0,transfer
FNDA:0,balanceOf
DA:23,0
DA:32,0
DA:33,0
DA:36,0
DA:37,0
DA:38,0
DA:39,0
DA:48,0
LF:8
LH:0
BRDA:32,1,0,0
BRDA:32,1,1,0
BRDA:33,2,0,0
BRDA:33,2,1,0
BRF:4
BRH:0
end_of_record
TN:
SF:/home/abhi_21094/Projects/aca-audit/contracts/BurnableToken.sol
FN:18,burn
FNF:1
FNH:0
FNDA:0,burn
DA:19,0
DA:23,0
DA:24,0
DA:25,0
DA:26,0
LF:5
LH:0
BRDA:19,1,0,0
BRDA:19,1,1,0
BRF:2
BRH:0
end_of_record
TN:
SF:/home/abhi_21094/Projects/aca-audit/contracts/CanReclaimToken.sol
FN:21,reclaimToken
FNF:1
FNH:0
FNDA:0,reclaimToken
DA:22,0
DA:23,0
LF:2
LH:0
BRF:0
BRH:0
end_of_record
TN:
SF:/home/abhi_21094/Projects/aca-audit/contracts/CappedToken.sol
FN:14,CappedToken
FN:25,mint
FNF:2
FNH:0
FNDA:0,CappedToken
FNDA:0,mint
DA:15,0
DA:16,0
DA:26,0
DA:28,0
LF:4
LH:0
BRDA:15,1,0,0
BRDA:15,1,1,0
BRDA:26,2,0,0
BRDA:26,2,1,0
BRF:4
BRH:0
end_of_record
TN:
SF:/home/abhi_21094/Projects/aca-audit/contracts/Claimable.sol
FN:18,onlyPendingOwner
FN:27,transferOwnership
FN:34,claimOwnership
FNF:3
FNH:0
FNDA:0,onlyPendingOwner
FNDA:0,transferOwnership
FNDA:0,claimOwnership
DA:19,0
DA:20,0
DA:28,0
DA:35,0
DA:36,0
DA:37,0
LF:6
LH:0
BRDA:19,1,0,0
BRDA:19,1,1,0
BRF:2
BRH:0
end_of_record
TN:
SF:/home/abhi_21094/Projects/aca-audit/contracts/Contactable.sol
FN:19,setContactInformation
FNF:1
FNH:0
FNDA:0,setContactInformation
DA:20,0
LF:1
LH:0
BRF:0
BRH:0
end_of_record
TN:
SF:/home/abhi_21094/Projects/aca-audit/contracts/DelayedClaimable.sol
FN:22,setLimits
FN:32,claimOwnership
FNF:2
FNH:0
FNDA:0,setLimits
FNDA:0,claimOwnership
DA:23,0
DA:24,0
DA:25,0
DA:33,0
DA:34,0
DA:35,0
DA:36,0
DA:37,0
LF:8
LH:0
BRDA:23,1,0,0
BRDA:23,1,1,0
BRDA:33,2,0,0
BRDA:33,2,1,0
BRF:4
BRH:0
end_of_record
TN:
SF:/home/abhi_21094/Projects/aca-audit/contracts/DetailedERC20.sol
FN:11,DetailedERC20
FNF:1
FNH:0
FNDA:0,DetailedERC20
DA:12,0
DA:13,0
DA:14,0
LF:3
LH:0
BRF:0
BRH:0
end_of_record
TN:
SF:/home/abhi_21094/Projects/aca-audit/contracts/ERC20.sol
FNF:0
FNH:0
LF:0
LH:0
BRF:0
BRH:0
end_of_record
TN:
SF:/home/abhi_21094/Projects/aca-audit/contracts/ERC20Basic.sol
FNF:0
FNH:0
LF:0
LH:0
BRF:0
BRH:0
end_of_record
TN:
SF:/home/abhi_21094/Projects/aca-audit/contracts/HasNoContracts.sol
FN:18,reclaimContract
FNF:1
FNH:0
FNDA:0,reclaimContract
DA:19,0
DA:20,0
LF:2
LH:0
BRF:0
BRH:0
end_of_record
TN:
SF:/home/abhi_21094/Projects/aca-audit/contracts/HasNoEther.sol
FN:25,HasNoEther
FN:32,
FN:38,reclaimEther
FNF:3
FNH:0
FNDA:0,HasNoEther
FNDA:0,
FNDA:0,reclaimEther
DA:26,0
DA:39,0
LF:2
LH:0
BRDA:26,1,0,0
BRDA:26,1,1,0
BRDA:39,2,0,0
BRDA:39,2,1,0
BRF:4
BRH:0
end_of_record
TN:
SF:/home/abhi_21094/Projects/aca-audit/contracts/HasNoTokens.sol
FN:21,tokenFallback
FNF:1
FNH:0
FNDA:0,tokenFallback
DA:22,0
DA:23,0
DA:24,0
DA:25,0
LF:4
LH:0
BRF:0
BRH:0
end_of_record
TN:
SF:/home/abhi_21094/Projects/aca-audit/contracts/Heritable.sol
FN:31,onlyHeir
FN:42,Heritable
FN:46,setHeir
FN:57,heir
FN:61,heartbeatTimeout
FN:65,timeOfDeath
FN:72,removeHeir
FN:81,proclaimDeath
FN:90,heartbeat
FN:98,claimHeirOwnership
FN:107,setHeartbeatTimeout
FN:112,ownerLives
FNF:12
FNH:0
FNDA:0,onlyHeir
FNDA:0,Heritable
FNDA:0,setHeir
FNDA:0,heir
FNDA:0,heartbeatTimeout
FNDA:0,timeOfDeath
FNDA:0,removeHeir
FNDA:0,proclaimDeath
FNDA:0,heartbeat
FNDA:0,claimHeirOwnership
FNDA:0,setHeartbeatTimeout
FNDA:0,ownerLives
DA:32,0
DA:33,0
DA:43,0
DA:47,0
DA:48,0
DA:49,0
DA:50,0
DA:58,0
DA:62,0
DA:66,0
DA:73,0
DA:74,0
DA:82,0
DA:83,0
DA:84,0
DA:91,0
DA:92,0
DA:99,0
DA:100,0
DA:101,0
DA:102,0
DA:103,0
DA:104,0
DA:108,0
DA:109,0
DA:113,0
LF:26
LH:0
BRDA:32,1,0,0
BRDA:32,1,1,0
BRDA:47,2,0,0
BRDA:47,2,1,0
BRDA:82,3,0,0
BRDA:82,3,1,0
BRDA:99,4,0,0
BRDA:99,4,1,0
BRDA:100,5,0,0
BRDA:100,5,1,0
BRDA:108,6,0,0
BRDA:108,6,1,0
BRF:12
BRH:0
end_of_record
TN:
SF:/home/abhi_21094/Projects/aca-audit/contracts/MintableToken.sol
FN:20,canMint
FN:31,mint
FN:43,finishMinting
FNF:3
FNH:0
FNDA:0,canMint
FNDA:0,mint
FNDA:0,finishMinting
DA:21,0
DA:22,0
DA:32,0
DA:33,0
DA:34,0
DA:35,0
DA:36,0
DA:44,0
DA:45,0
DA:46,0
LF:10
LH:0
BRDA:21,1,0,0
BRDA:21,1,1,0
BRF:2
BRH:0
end_of_record
TN:
SF:/home/abhi_21094/Projects/aca-audit/contracts/NoOwner.sol
FNF:0
FNH:0
LF:0
LH:0
BRF:0
BRH:0
end_of_record
TN:
SF:/home/abhi_21094/Projects/aca-audit/contracts/Ownable.sol
FN:20,Ownable
FN:27,onlyOwner
FN:36,transferOwnership
FNF:3
FNH:2
FNDA:2,Ownable
FNDA:8,onlyOwner
FNDA:0,transferOwnership
DA:21,2
DA:28,8
DA:29,8
DA:37,0
DA:38,0
DA:39,0
LF:6
LH:3
BRDA:28,1,0,8
BRDA:28,1,1,0
BRDA:37,2,0,0
BRDA:37,2,1,0
BRF:4
BRH:1
end_of_record
TN:
SF:/home/abhi_21094/Projects/aca-audit/contracts/Pausable.sol
FN:21,whenNotPaused
FN:29,whenPaused
FN:37,pause
FN:45,unpause
FNF:4
FNH:0
FNDA:0,whenNotPaused
FNDA:0,whenPaused
FNDA:0,pause
FNDA:0,unpause
DA:22,0
DA:23,0
DA:30,0
DA:31,0
DA:38,0
DA:39,0
DA:46,0
DA:47,0
LF:8
LH:0
BRDA:22,1,0,0
BRDA:22,1,1,0
BRDA:30,2,0,0
BRDA:30,2,1,0
BRF:4
BRH:0
end_of_record
TN:
SF:/home/abhi_21094/Projects/aca-audit/contracts/PausableToken.sol
FN:13,transfer
FNF:1
FNH:0
FNDA:0,transfer
DA:14,0
LF:1
LH:0
BRF:0
BRH:0
end_of_record
TN:
SF:/home/abhi_21094/Projects/aca-audit/contracts/RefundVault.sol
FN:29,RefundVault
FN:38,deposit
FN:43,close
FN:50,enableRefunds
FN:59,refund
FNF:5
FNH:5
FNDA:2,RefundVault
FNDA:6,deposit
FNDA:1,close
FNDA:1,enableRefunds
FNDA:2,refund
DA:30,2
DA:31,2
DA:32,2
DA:39,6
DA:40,6
DA:44,1
DA:45,1
DA:46,1
DA:47,1
DA:51,1
DA:52,1
DA:53,1
DA:60,2
DA:61,2
DA:62,2
DA:63,2
DA:64,2
LF:17
LH:17
BRDA:30,1,0,2
BRDA:30,1,1,0
BRDA:39,2,0,6
BRDA:39,2,1,0
BRDA:44,3,0,1
BRDA:44,3,1,0
BRDA:51,4,0,1
BRDA:51,4,1,0
BRDA:60,5,0,2
BRDA:60,5,1,0
BRF:10
BRH:5
end_of_record
TN:
SF:/home/abhi_21094/Projects/aca-audit/contracts/SafeERC20.sol
FN:14,safeTransfer
FN:18,safeTransferFrom
FN:22,safeApprove
FNF:3
FNH:0
FNDA:0,safeTransfer
FNDA:0,safeTransferFrom
FNDA:0,safeApprove
DA:15,0
DA:19,0
DA:23,0
LF:3
LH:0
BRDA:15,1,0,0
BRDA:15,1,1,0
BRDA:19,2,0,0
BRDA:19,2,1,0
BRDA:23,3,0,0
BRDA:23,3,1,0
BRF:6
BRH:0
end_of_record
TN:
SF:/home/abhi_21094/Projects/aca-audit/contracts/SafeMath.sol
FN:13,mul
FN:25,div
FN:35,sub
FN:43,add
FNF:4
FNH:4
FNDA:34,mul
FNDA:8,div
FNDA:43,sub
FNDA:107,add
DA:14,34
DA:15,0
DA:17,34
DA:18,34
DA:19,34
DA:27,8
DA:29,8
DA:36,43
DA:37,43
DA:44,107
DA:45,107
DA:46,107
LF:12
LH:11
BRDA:14,1,0,0
BRDA:14,1,1,34
BRDA:18,2,0,34
BRDA:18,2,1,0
BRDA:36,3,0,43
BRDA:36,3,1,0
BRDA:45,4,0,107
BRDA:45,4,1,0
BRF:8
BRH:4
end_of_record
TN:
SF:/home/abhi_21094/Projects/aca-audit/contracts/SampleERC20.sol
FN:11,mul
FN:23,div
FN:33,sub
FN:41,add
FN:85,totalSupply
FN:94,transfer
FN:110,balanceOf
FN:134,transferFrom
FN:156,approve
FN:170,allowance
FN:184,increaseApproval
FN:200,decreaseApproval
FN:229,Ownable
FN:236,onlyOwner
FN:245,transferOwnership
FN:260,transfer
FN:264,transferFrom
FN:268,approve
FN:272,increaseApproval
FN:276,decreaseApproval
FN:282,releaseTokens
FN:299,SampleERC20
FNF:22
FNH:10
FNDA:1,mul
FNDA:0,div
FNDA:1,sub
FNDA:3,add
FNDA:0,totalSupply
FNDA:1,transfer
FNDA:6,balanceOf
FNDA:0,transferFrom
FNDA:0,approve
FNDA:0,allowance
FNDA:0,increaseApproval
FNDA:0,decreaseApproval
FNDA:1,Ownable
FNDA:1,onlyOwner
FNDA:0,transferOwnership
FNDA:1,transfer
FNDA:0,transferFrom
FNDA:0,approve
FNDA:0,increaseApproval
FNDA:0,decreaseApproval
FNDA:1,releaseTokens
FNDA:1,SampleERC20
DA:12,1
DA:13,0
DA:15,1
DA:16,1
DA:17,1
DA:25,0
DA:27,0
DA:34,1
DA:35,1
DA:42,3
DA:43,3
DA:44,3
DA:86,0
DA:95,1
DA:96,1
DA:99,1
DA:100,1
DA:102,1
DA:111,6
DA:135,0
DA:136,0
DA:137,0
DA:139,0
DA:140,0
DA:141,0
DA:143,0
DA:158,0
DA:159,0
DA:161,0
DA:171,0
DA:185,0
DA:187,0
DA:201,0
DA:202,0
DA:203,0
DA:205,0
DA:208,0
DA:230,1
DA:237,1
DA:238,1
DA:246,0
DA:248,0
DA:261,1
DA:265,0
DA:269,0
DA:273,0
DA:277,0
DA:284,1
DA:285,1
DA:286,1
DA:287,1
DA:289,1
DA:301,1
DA:302,1
LF:54
LH:26
BRDA:12,1,0,0
BRDA:12,1,1,1
BRDA:16,2,0,1
BRDA:16,2,1,0
BRDA:34,3,0,1
BRDA:34,3,1,0
BRDA:43,4,0,3
BRDA:43,4,1,0
BRDA:95,5,0,1
BRDA:95,5,1,0
BRDA:96,6,0,1
BRDA:96,6,1,0
BRDA:135,7,0,0
BRDA:135,7,1,0
BRDA:136,8,0,0
BRDA:136,8,1,0
BRDA:137,9,0,0
BRDA:137,9,1,0
BRDA:158,10,0,0
BRDA:158,10,1,0
BRDA:202,11,0,0
BRDA:202,11,1,0
BRDA:237,12,0,1
BRDA:237,12,1,0
BRDA:246,13,0,0
BRDA:246,13,1,0
BRDA:287,14,0,1
BRDA:287,14,1,0
BRDA:301,15,0,1
BRDA:301,15,1,0
BRF:30
BRH:9
end_of_record
TN:
SF:/home/abhi_21094/Projects/aca-audit/contracts/StandardToken.sol
FN:25,transferFrom
FN:47,approve
FN:59,allowance
FN:73,increaseApproval
FN:89,decreaseApproval
FNF:5
FNH:0
FNDA:0,transferFrom
FNDA:0,approve
FNDA:0,allowance
FNDA:0,increaseApproval
FNDA:0,decreaseApproval
DA:26,0
DA:27,0
DA:28,0
DA:30,0
DA:31,0
DA:32,0
DA:33,0
DA:34,0
DA:48,0
DA:49,0
DA:50,0
DA:60,0
DA:74,0
DA:75,0
DA:76,0
DA:90,0
DA:91,0
DA:92,0
DA:94,0
DA:96,0
DA:97,0
LF:21
LH:0
BRDA:26,1,0,0
BRDA:26,1,1,0
BRDA:27,2,0,0
BRDA:27,2,1,0
BRDA:28,3,0,0
BRDA:28,3,1,0
BRDA:91,4,0,0
BRDA:91,4,1,0
BRF:8
BRH:0
end_of_record
TN:
SF:/home/abhi_21094/Projects/aca-audit/contracts/TokenTimeLock.sol
FN:23,TokenTimelock
FN:33,release
FNF:2
FNH:0
FNDA:0,TokenTimelock
FNDA:0,release
DA:24,0
DA:25,0
DA:26,0
DA:27,0
DA:34,0
DA:36,0
DA:37,0
DA:39,0
LF:8
LH:0
BRDA:24,1,0,0
BRDA:24,1,1,0
BRDA:34,2,0,0
BRDA:34,2,1,0
BRDA:37,3,0,0
BRDA:37,3,1,0
BRF:6
BRH:0
end_of_record
TN:
SF:/home/abhi_21094/Projects/aca-audit/contracts/TokenVesting.sol
FN:43,TokenVesting
FN:58,release
FN:75,revoke
FN:95,releasableAmount
FN:103,vestedAmount
FNF:5
FNH:0
FNDA:0,TokenVesting
FNDA:0,release
FNDA:0,revoke
FNDA:0,releasableAmount
FNDA:0,vestedAmount
DA:44,0
DA:45,0
DA:47,0
DA:48,0
DA:49,0
DA:50,0
DA:51,0
DA:59,0
DA:61,0
DA:63,0
DA:65,0
DA:67,0
DA:76,0
DA:77,0
DA:79,0
DA:81,0
DA:82,0
DA:84,0
DA:86,0
DA:88,0
DA:96,0
DA:104,0
DA:105,0
DA:107,0
DA:108,0
DA:110,0
DA:112,0
LF:27
LH:0
BRDA:44,1,0,0
BRDA:44,1,1,0
BRDA:45,2,0,0
BRDA:45,2,1,0
BRDA:61,3,0,0
BRDA:61,3,1,0
BRDA:76,4,0,0
BRDA:76,4,1,0
BRDA:77,5,0,0
BRDA:77,5,1,0
BRDA:107,6,0,0
BRDA:107,6,1,0
BRDA:109,7,0,0
BRDA:109,7,1,0
BRF:14
BRH:0
end_of_record
